Total No of Imei Number in TPI for Aditi Tracking: 340
868003030775964_aditi_tracking
Device already exists: 868003030775964
860016020830175_aditi_tracking
Device already exists: 860016020830175
352503091821980_aditi_tracking
Device already exists: 352503091821980
352503091834330_aditi_tracking
Device already exists: 352503091834330
869689041176645_aditi_tracking
Device already exists: 869689041176645
352503091826195_aditi_tracking
Device already exists: 352503091826195
869867038131019_aditi_tracking
Device already exists: 869867038131019
868003033715330_aditi_tracking
Device already exists: 868003033715330
865205032089012_aditi_tracking
Device already exists: 865205032089012
866968030866496_aditi_tracking
Device already exists: 866968030866496
865205032089566_aditi_tracking
Device already exists: 865205032089566
860016021462457_aditi_tracking
Device already exists: 860016021462457
2177209028_aditi_tracking
Device already exists: 2177209028
869867038198851_aditi_tracking
Device already exists: 869867038198851
865080040186385_aditi_tracking
Device already exists: 865080040186385
2189004253_aditi_tracking
Device already exists: 2189004253
865205032490962_aditi_tracking
Device already exists: 865205032490962
352503091820180_aditi_tracking
Device already exists: 352503091820180
866551031996726_aditi_tracking
Device already exists: 866551031996726
352503091833886_aditi_tracking
Device already exists: 352503091833886
866710035977948_aditi_tracking
Device already exists: 866710035977948
868003033518841_aditi_tracking
Device already exists: 868003033518841
1198405000_aditi_tracking
Device already exists: 1198405000
868003033907952_aditi_tracking
Device already exists: 868003033907952
352503091836418_aditi_tracking
Device already exists: 352503091836418
868003033617718_aditi_tracking
Device already exists: 868003033617718
868003033637682_aditi_tracking
Device already exists: 868003033637682
868003034444740_aditi_tracking
Device already exists: 868003034444740
352503091822434_aditi_tracking
Device already exists: 352503091822434
868003033731865_aditi_tracking
Device already exists: 868003033731865
868003033626131_aditi_tracking
Device already exists: 868003033626131
868003033360657_aditi_tracking
Device already exists: 868003033360657
51830000637_aditi_tracking
Device already exists: 51830000637
868003033348215_aditi_tracking
Device already exists: 868003033348215
358511022341782_aditi_tracking
Device already exists: 358511022341782
356218600838120_aditi_tracking
Device already exists: 356218600838120
868003032844736_aditi_tracking
Device already exists: 868003032844736
868003033906012_aditi_tracking
Device already exists: 868003033906012
356218600630626_aditi_tracking
Device already exists: 356218600630626
869689041182155_aditi_tracking
Device already exists: 869689041182155
867330029624924_aditi_tracking
Device already exists: 867330029624924
867330029615963_aditi_tracking
Device already exists: 867330029615963
1207101549_aditi_tracking
Device already exists: 1207101549
1218105974_aditi_tracking
Device already exists: 1218105974
1195306863_aditi_tracking
Device already exists: 1195306863
2179100026_aditi_tracking
Device already exists: 2179100026
352503091833225_aditi_tracking
Device already exists: 352503091833225
356218600841603_aditi_tracking
Device already exists: 356218600841603
869604066426619_aditi_tracking
Device already exists: 869604066426619
869604066397422_aditi_tracking
Device already exists: 869604066397422
869604066384529_aditi_tracking
Device already exists: 869604066384529
356218601645094_aditi_tracking
Device already exists: 356218601645094
356218601690967_aditi_tracking
Device already exists: 356218601690967
352503091821543_aditi_tracking
Device already exists: 352503091821543
868003033715264_aditi_tracking
Device already exists: 868003033715264
356218600954570_aditi_tracking
Device already exists: 356218600954570
866330053191460_aditi_tracking
Device already exists: 866330053191460
356218601594813_aditi_tracking
Device already exists: 356218601594813
866330050095599_aditi_tracking
Device already exists: 866330050095599
356218600541443_aditi_tracking
Device already exists: 356218600541443
2189004253_aditi_tracking
Device already exists: 2189004253
353701094063597_aditi_tracking
Device already exists: 353701094063597
353701094068372_aditi_tracking
Device already exists: 353701094068372
351608080647063_aditi_tracking
Device already exists: 351608080647063
353701093459416_aditi_tracking
Device already exists: 353701093459416
358735075861962_aditi_tracking
Device already exists: 358735075861962
358735072683963_aditi_tracking
Device already exists: 358735072683963
358735072689929_aditi_tracking
Device already exists: 358735072689929
353701091015582_aditi_tracking
Device already exists: 353701091015582
353701091014874_aditi_tracking
Device already exists: 353701091014874
866330050058217_aditi_tracking
Device already exists: 866330050058217
356218600468506_aditi_tracking
Device already exists: 356218600468506
868003032609674_aditi_tracking
Device already exists: 868003032609674
866551039021030_aditi_tracking
Device already exists: 866551039021030
210721314_aditi_tracking
Device already exists: 210721314
866551039020727_aditi_tracking
Device already exists: 866551039020727
356218600506099_aditi_tracking
Device already exists: 356218600506099
358250330385740_aditi_tracking
Device already exists: 358250330385740
866567067694811_aditi_tracking
Device already exists: 866567067694811
2186318849_aditi_tracking
Device already exists: 2186318849
866330052834748_aditi_tracking
Device already exists: 866330052834748
356218600541096_aditi_tracking
Device already exists: 356218600541096
2179111973_aditi_tracking
Device already exists: 2179111973
2185415618_aditi_tracking
Device already exists: 2185415618
869689041179185_aditi_tracking
Device already exists: 869689041179185
2186204444_aditi_tracking
Device already exists: 2186204444
869867038131050_aditi_tracking
Device already exists: 869867038131050
868003032906682_aditi_tracking
Device already exists: 868003032906682
868003033365953_aditi_tracking
Device already exists: 868003033365953
866330050081201_aditi_tracking
Device already exists: 866330050081201
869689041183088_aditi_tracking
Device already exists: 869689041183088
356218601466236_aditi_tracking
Device already exists: 356218601466236
864180050189757_aditi_tracking
Device already exists: 864180050189757
866330053140053_aditi_tracking
Device already exists: 866330053140053
2179110346_aditi_tracking
Device already exists: 2179110346
1208202855_aditi_tracking
Device already exists: 1208202855
2189205810_aditi_tracking
Device already exists: 2189205810
866968030444864_aditi_tracking
Device already exists: 866968030444864
358511022957538_aditi_tracking
Device already exists: 358511022957538
869689041185067_aditi_tracking
Device already exists: 869689041185067
868003033362141_aditi_tracking
Device already exists: 868003033362141
868926034569498_aditi_tracking
Device already exists: 868926034569498
2192000039_aditi_tracking
Device already exists: 2192000039
1205308948_aditi_tracking
Device already exists: 1205308948
868003033713160_aditi_tracking
Device already exists: 868003033713160
868003033719993_aditi_tracking
Device already exists: 868003033719993
1198300851_aditi_tracking
Device already exists: 1198300851
866551038570698_aditi_tracking
Device already exists: 866551038570698
866551038967225_aditi_tracking
Device already exists: 866551038967225
866551038967498_aditi_tracking
Device already exists: 866551038967498
869867038149839_aditi_tracking
Device already exists: 869867038149839
868003032845542_aditi_tracking
Device already exists: 868003032845542
356218601466426_aditi_tracking
Device already exists: 356218601466426
864180053267600_aditi_tracking
IMEI not present in device master: 864180053267600_aditi_tracking
864180053245069_aditi_tracking
Device already exists: 864180053245069
866968030793765_aditi_tracking
Device already exists: 866968030793765
868003033345674_aditi_tracking
Device already exists: 868003033345674
868003033358271_aditi_tracking
Device already exists: 868003033358271
868003032740032_aditi_tracking
Device already exists: 868003032740032
2189004886_aditi_tracking
Device already exists: 2189004886
2168400678_aditi_tracking
Device already exists: 2168400678
2189006945_aditi_tracking
Device already exists: 2189006945
1207101469_aditi_tracking
Device already exists: 1207101469
1207101556_aditi_tracking
Device already exists: 1207101556
2186200716_aditi_tracking
Device already exists: 2186200716
2186317747_aditi_tracking
Device already exists: 2186317747
2177207719_aditi_tracking
Device already exists: 2177207719
1218105061_aditi_tracking
Device already exists: 1218105061
2198206400_aditi_tracking
Device already exists: 2198206400
866968030418371_aditi_tracking
Device already exists: 866968030418371
2181301602_aditi_tracking
Device already exists: 2181301602
866551039021089_aditi_tracking
Device already exists: 866551039021089
868003033366340_aditi_tracking
Device already exists: 868003033366340
868926034595725_aditi_tracking
Device already exists: 868926034595725
866710035670485_aditi_tracking
Device already exists: 866710035670485
866710035751939_aditi_tracking
Device already exists: 866710035751939
866710035659793_aditi_tracking
Device already exists: 866710035659793
866710035659587_aditi_tracking
Device already exists: 866710035659587
868926034558749_aditi_tracking
Device already exists: 868926034558749
866710035669123_aditi_tracking
Device already exists: 866710035669123
866710035668844_aditi_tracking
Device already exists: 866710035668844
868926034575487_aditi_tracking
Device already exists: 868926034575487
866710035673653_aditi_tracking
Device already exists: 866710035673653
866968030314869_aditi_tracking
Device already exists: 866968030314869
352503091819695_aditi_tracking
Device already exists: 352503091819695
356218600944837_aditi_tracking
Device already exists: 356218600944837
2168415430_aditi_tracking
Device already exists: 2168415430
1213006477_aditi_tracking
Device already exists: 1213006477
867330029668673_aditi_tracking
Device already exists: 867330029668673
1213006632_aditi_tracking
Device already exists: 1213006632
867330029757583_aditi_tracking
Device already exists: 867330029757583
868003033521902_aditi_tracking
Device already exists: 868003033521902
869867038130243_aditi_tracking
Device already exists: 869867038130243
869689041182890_aditi_tracking
Device already exists: 869689041182890
2179100067_aditi_tracking
Device already exists: 2179100067
358511022147676_aditi_tracking
Device already exists: 358511022147676
2174300948_aditi_tracking
Device already exists: 2174300948
861359035912912_aditi_tracking
Device already exists: 861359035912912
2181301894_aditi_tracking
Device already exists: 2181301894
866330050109432_aditi_tracking
Device already exists: 866330050109432
866330050087596_aditi_tracking
Device already exists: 866330050087596
866330050088214_aditi_tracking
Device already exists: 866330050088214
866330050082464_aditi_tracking
Device already exists: 866330050082464
1214008105_aditi_tracking
Device already exists: 1214008105
2174301030_aditi_tracking
Device already exists: 2174301030
866551039688101_aditi_tracking
Device already exists: 866551039688101
866551039379693_aditi_tracking
Device already exists: 866551039379693
356218600944944_aditi_tracking
Device already exists: 356218600944944
356218601581182_aditi_tracking
Device already exists: 356218601581182
866551032000700_aditi_tracking
Device already exists: 866551032000700
356218600954737_aditi_tracking
Device already exists: 356218600954737
2180204116_aditi_tracking
Device already exists: 2180204116
356218600954703_aditi_tracking
Device already exists: 356218600954703
356218600756447_aditi_tracking
Device already exists: 356218600756447
868003032850237_aditi_tracking
Device already exists: 868003032850237
866330052881087_aditi_tracking
Device already exists: 866330052881087
869689041182924_aditi_tracking
Device already exists: 869689041182924
1207406194_aditi_tracking
Device already exists: 1207406194
356218601475765_aditi_tracking
Device already exists: 356218601475765
358511022339133_aditi_tracking
Device already exists: 358511022339133
356218601690090_aditi_tracking
Device already exists: 356218601690090
869689041180787_aditi_tracking
Device already exists: 869689041180787
868003030775733_aditi_tracking
Device already exists: 868003030775733
352503091829454_aditi_tracking
Device already exists: 352503091829454
352503091826492_aditi_tracking
Device already exists: 352503091826492
868003032577749_aditi_tracking
Device already exists: 868003032577749
869689041185513_aditi_tracking
Device already exists: 869689041185513
866551039333849_aditi_tracking
Device already exists: 866551039333849
356218601174749_aditi_tracking
Device already exists: 356218601174749
865080040194645_aditi_tracking
Device already exists: 865080040194645
352503091822541_aditi_tracking
Device already exists: 352503091822541
868003033343992_aditi_tracking
Device already exists: 868003033343992
868003034274584_aditi_tracking
Device already exists: 868003034274584
866330050008840_aditi_tracking
Device already exists: 866330050008840
866330053184382_aditi_tracking
Device already exists: 866330053184382
356218601466814_aditi_tracking
Device already exists: 356218601466814
865205032020934_aditi_tracking
Device already exists: 865205032020934
866968030945266_aditi_tracking
Device already exists: 866968030945266
866968030945795_aditi_tracking
Device already exists: 866968030945795
866968030944863_aditi_tracking
Device already exists: 866968030944863
866968030946777_aditi_tracking
Device already exists: 866968030946777
866968030945431_aditi_tracking
Device already exists: 866968030945431
356218601691494_aditi_tracking
Device already exists: 356218601691494
356218601690934_aditi_tracking
Device already exists: 356218601690934
356218601691353_aditi_tracking
Device already exists: 356218601691353
866330050087448_aditi_tracking
Device already exists: 866330050087448
866968030947130_aditi_tracking
Device already exists: 866968030947130
866968031028021_aditi_tracking
Device already exists: 866968031028021
866968030947320_aditi_tracking
Device already exists: 866968030947320
352503091820420_aditi_tracking
Device already exists: 352503091820420
352503091821394_aditi_tracking
Device already exists: 352503091821394
352503091826740_aditi_tracking
Device already exists: 352503091826740
352503091824034_aditi_tracking
Device already exists: 352503091824034
866968031032486_aditi_tracking
Device already exists: 866968031032486
860016020851601_aditi_tracking
Device already exists: 860016020851601
868003032608379_aditi_tracking
Device already exists: 868003032608379
2168415393_aditi_tracking
Device already exists: 2168415393
869689041179086_aditi_tracking
Device already exists: 869689041179086
356218600944779_aditi_tracking
Device already exists: 356218600944779
866330053191619_aditi_tracking
Device already exists: 866330053191619
2197101548_aditi_tracking
Device already exists: 2197101548
352503091822350_aditi_tracking
Device already exists: 352503091822350
869689041176660_aditi_tracking
Device already exists: 869689041176660
869689041177551_aditi_tracking
Device already exists: 869689041177551
868003034445523_aditi_tracking
Device already exists: 868003034445523
868003034444674_aditi_tracking
Device already exists: 868003034444674
868003034445085_aditi_tracking
Device already exists: 868003034445085
868003034443262_aditi_tracking
Device already exists: 868003034443262
868003034442603_aditi_tracking
Device already exists: 868003034442603
868003034444807_aditi_tracking
Device already exists: 868003034444807
868003034443502_aditi_tracking
Device already exists: 868003034443502
868003034441415_aditi_tracking
Device already exists: 868003034441415
868003034445382_aditi_tracking
Device already exists: 868003034445382
868003034445812_aditi_tracking
Device already exists: 868003034445812
868003034442249_aditi_tracking
Device already exists: 868003034442249
867330029647057_aditi_tracking
Device already exists: 867330029647057
867330029658187_aditi_tracking
Device already exists: 867330029658187
4006745_aditi_tracking
Device already exists: 4006745
4005961_aditi_tracking
Device already exists: 4005961
4007391_aditi_tracking
Device already exists: 4007391
869867038191302_aditi_tracking
Device already exists: 869867038191302
2192021221_aditi_tracking
Device already exists: 2192021221
1218105181_aditi_tracking
Device already exists: 1218105181
1198400853_aditi_tracking
Device already exists: 1198400853
1192400607_aditi_tracking
Device already exists: 1192400607
1207101594_aditi_tracking
Device already exists: 1207101594
2168415396_aditi_tracking
Device already exists: 2168415396
2171305911_aditi_tracking
Device already exists: 2171305911
1218105025_aditi_tracking
Device already exists: 1218105025
869689041183922_aditi_tracking
Device already exists: 869689041183922
869689041185703_aditi_tracking
Device already exists: 869689041185703
869689041184078_aditi_tracking
Device already exists: 869689041184078
869689041183245_aditi_tracking
Device already exists: 869689041183245
869689041178377_aditi_tracking
Device already exists: 869689041178377
869689041176652_aditi_tracking
Device already exists: 869689041176652
869689041184839_aditi_tracking
Device already exists: 869689041184839
869689041183013_aditi_tracking
Device already exists: 869689041183013
869689041178740_aditi_tracking
Device already exists: 869689041178740
869689041177916_aditi_tracking
Device already exists: 869689041177916
866551038966011_aditi_tracking
Device already exists: 866551038966011
356218600425001_aditi_tracking
Device already exists: 356218600425001
356218600546749_aditi_tracking
Device already exists: 356218600546749
356218600462087_aditi_tracking
Device already exists: 356218600462087
356218600461675_aditi_tracking
Device already exists: 356218600461675
866551039689190_aditi_tracking
Device already exists: 866551039689190
866330050058597_aditi_tracking
Device already exists: 866330050058597
356218600584625_aditi_tracking
Device already exists: 356218600584625
356218600584633_aditi_tracking
Device already exists: 356218600584633
356218600461618_aditi_tracking
Device already exists: 356218600461618
866551038571290_aditi_tracking
Device already exists: 866551038571290
356218600585259_aditi_tracking
Device already exists: 356218600585259
356218600585671_aditi_tracking
Device already exists: 356218600585671
356218600461667_aditi_tracking
Device already exists: 356218600461667
866551039333732_aditi_tracking
Device already exists: 866551039333732
356218600487696_aditi_tracking
Device already exists: 356218600487696
866551039689018_aditi_tracking
Device already exists: 866551039689018
356218600462145_aditi_tracking
Device already exists: 356218600462145
211203828_aditi_tracking
Device already exists: 211203828
210721221_aditi_tracking
Device already exists: 210721221
211203899_aditi_tracking
Device already exists: 211203899
210720850_aditi_tracking
Device already exists: 210720850
210721330_aditi_tracking
Device already exists: 210721330
9803025_aditi_tracking
Device already exists: 9803025
868003033915526_aditi_tracking
Device already exists: 868003033915526
868003033711552_aditi_tracking
Device already exists: 868003033711552
868003033735544_aditi_tracking
Device already exists: 868003033735544
868003033723409_aditi_tracking
Device already exists: 868003033723409
868003033719985_aditi_tracking
Device already exists: 868003033719985
868003033718318_aditi_tracking
Device already exists: 868003033718318
866968030793286_aditi_tracking
Device already exists: 866968030793286
868003033730578_aditi_tracking
Device already exists: 868003033730578
868003033726329_aditi_tracking
Device already exists: 868003033726329
868003033632097_aditi_tracking
Device already exists: 868003033632097
868003033709788_aditi_tracking
Device already exists: 868003033709788
868003033358842_aditi_tracking
Device already exists: 868003033358842
868003033708301_aditi_tracking
Device already exists: 868003033708301
868003033625471_aditi_tracking
Device already exists: 868003033625471
867470052943542_aditi_tracking
Device already exists: 867470052943542
353701090546462_aditi_tracking
Device already exists: 353701090546462
359704071076875_aditi_tracking
Device already exists: 359704071076875
356218600763849_aditi_tracking
Device already exists: 356218600763849
356218600584971_aditi_tracking
Device already exists: 356218600584971
356218600546137_aditi_tracking
Device already exists: 356218600546137
356218600584930_aditi_tracking
Device already exists: 356218600584930
356218600547234_aditi_tracking
Device already exists: 356218600547234
356218600541120_aditi_tracking
Device already exists: 356218600541120
356218600585150_aditi_tracking
Device already exists: 356218600585150
356218600584955_aditi_tracking
Device already exists: 356218600584955
356218600546988_aditi_tracking
Device already exists: 356218600546988
356218600546764_aditi_tracking
Device already exists: 356218600546764
211206176_aditi_tracking
Device already exists: 211206176
356218600794356_aditi_tracking
Device already exists: 356218600794356
356218600800344_aditi_tracking
Device already exists: 356218600800344
356218600758625_aditi_tracking
Device already exists: 356218600758625
356218600764037_aditi_tracking
Device already exists: 356218600764037
356218600584518_aditi_tracking
Device already exists: 356218600584518
356218600763906_aditi_tracking
Device already exists: 356218600763906
356218600816373_aditi_tracking
Device already exists: 356218600816373
356218601578600_aditi_tracking
Device already exists: 356218601578600
356218601579053_aditi_tracking
Device already exists: 356218601579053
356218600944845_aditi_tracking
Device already exists: 356218600944845
356218600944761_aditi_tracking
Device already exists: 356218600944761
356218600956807_aditi_tracking
Device already exists: 356218600956807
356218600944878_aditi_tracking
Device already exists: 356218600944878
356218601578550_aditi_tracking
Device already exists: 356218601578550
356218601599457_aditi_tracking
Device already exists: 356218601599457
356218601516352_aditi_tracking
Device already exists: 356218601516352
866330053193052_aditi_tracking
Device already exists: 866330053193052
866330053060897_aditi_tracking
Device already exists: 866330053060897
866330053193623_aditi_tracking
Device already exists: 866330053193623
866330053060632_aditi_tracking
Device already exists: 866330053060632
866330053193094_aditi_tracking
Device already exists: 866330053193094
869604066395699_aditi_tracking
Device already exists: 869604066395699
869604066426007_aditi_tracking
Device already exists: 869604066426007
866330052834334_aditi_tracking
Device already exists: 866330052834334
356218601466293_aditi_tracking
Device already exists: 356218601466293
356218601691296_aditi_tracking
Device already exists: 356218601691296
356218601691072_aditi_tracking
Device already exists: 356218601691072
356218601690728_aditi_tracking
Device already exists: 356218601690728
353701091030748_aditi_tracking
Device already exists: 353701091030748
No of Devices of Aditi Tracking in Master: 339
