Total length of all cns 50
{
  geoFence: null,
  documents: [],
  customFields: [],
  isPortalEnabled: false,
  type: 'customer',
  updates: {
    traceID: '84bdeca1-1bb2-402f-9d28-d823b0404855',
    resourceId: '35d2280c-4a68-4a63-8859-aba028aeafee',
    updatedBy: 'USER',
    changes: [ [Object] ],
    sourceOfInformation: null,
    description: 'contact added',
    forwardReasons: [
      'business.partner.update.event',
      'business.partner.contacts.update'
    ],
    userId: 'a42e539c-88f3-42cf-a1e7-d13e0b60833d',
    uuid: '7ff42f1d-e8fb-4203-b36d-c14620ff65aa',
    revision: null,
    time: 1678879095904,
    forwardedFrom: null,
    resourceType: 'Business-Partner',
    updateType: null
  },
  uuid: '35d2280c-4a68-4a63-8859-aba028aeafee',
  orgId: '3e4cdee9-0b3b-46dd-9b98-df0e38a0271c',
  firmType: 'INDIVISUAL',
  gstn: '18ABMPA8531B1ZY',
  voterId: null,
  verificationTicketId: null,
  group: {
    name: 'Sold-to-party',
    partnerType: 'customer',
    uuid: '125e674b-69e1-4c01-bb7b-ddf84f9ff883',
    orgId: '3e4cdee9-0b3b-46dd-9b98-df0e38a0271c'
  },
  address: '{"pincode":781001,"address":"7A R.K.SARAWGI MARKET,","city":"GUWAHATI","state":"KAMRUP"}',
  verificationStatus: 'unverified',
  externalId: '2000944',
  panNumber: 'ABMPA8531B',
  aadharNo: null,
  parentId: null,
  places: [
    {
      hubId: null,
      boundary: [],
      address: null,
      accessibility: 'private',
      addedBy: '3e4cdee9-0b3b-46dd-9b98-df0e38a0271c',
      center: [Object],
      suggestedRadius: 5000,
      isOwned: null,
      centerCoordinates: [Array],
      placeId: '83401c61-9262-4e34-951b-e888cb665663',
      geoJsonBoundry: null,
      externalId: null,
      source: 'GOOGLE',
      places: null,
      viewport: null,
      district: 'KAMRUP',
      name: 'GUWAHATI',
      state: 'ASSAM',
      category: 'Hub',
      subDistrict: null,
      controllingBranchId: null
    }
  ],
  route: null,
  name: 'S.P.MARKETING CORPORATION',
  location: null,
  fretronId: null,
  contacts: [
    {
      emails: [Array],
      address: null,
      mobileNumbers: [Array],
      mobileNumber: null,
      name: 'S.P.MARKETING CORPORATION',
      type: null
    },
    {
      emails: [Array],
      address: null,
      mobileNumbers: [Array],
      mobileNumber: null,
      name: 'ARUN AGARWAL',
      type: null
    },
    {
      emails: [Array],
      address: null,
      mobileNumbers: [Array],
      mobileNumber: null,
      name: 'ARUN AGARWAL',
      type: null
    }
  ],
  status: 'ACTIVE'
}
{
  geoFence: null,
  documents: [],
  customFields: null,
  isPortalEnabled: false,
  type: 'customer',
  updates: null,
  uuid: 'd7cb9323-7ddc-491f-8c83-d0f1fde9e86d',
  orgId: '3e4cdee9-0b3b-46dd-9b98-df0e38a0271c',
  firmType: 'INDIVISUAL',
  gstn: '22AAFFG4351F1ZV',
  voterId: null,
  verificationTicketId: null,
  group: { name: 'Sold-to-party', partnerType: null, uuid: null, orgId: null },
  address: '{"address":"GOPILAL MOOLCHAND LOHIYA,GANJ LINE  ","city":"RAJNANDGAON","state":"CHHATTISGARH","pincode":"491441"}',
  verificationStatus: 'unverified',
  externalId: '2009230',
  panNumber: 'AAFFG4351F',
  aadharNo: null,
  parentId: null,
  places: [
    {
      hubId: null,
      boundary: null,
      address: null,
      accessibility: 'private',
      addedBy: '3e4cdee9-0b3b-46dd-9b98-df0e38a0271c',
      center: [Object],
      suggestedRadius: 5000,
      isOwned: null,
      centerCoordinates: [Array],
      placeId: '15f72f2f-f607-41fb-8317-0a7fb2ce1d1a',
      geoJsonBoundry: null,
      externalId: null,
      source: 'GOOGLE',
      places: null,
      viewport: null,
      district: 'RAJNANDGAON',
      name: 'RAJNANDGAON',
      state: 'CHHATTISGARH',
      category: 'Hub',
      subDistrict: null,
      controllingBranchId: null
    }
  ],
  route: null,
  name: 'GOPILAL MOOLCHAND LOHIYA',
  location: null,
  fretronId: null,
  contacts: [
    {
      emails: [],
      address: null,
      mobileNumbers: [Array],
      mobileNumber: null,
      name: 'NIKHIL LOHIYA / SURENDRA KUMAR',
      type: null
    }
  ],
  status: 'ACTIVE'
}
{
  geoFence: null,
  documents: [],
  customFields: null,
  isPortalEnabled: false,
  type: 'customer',
  updates: null,
  uuid: 'd5cc877a-705c-4af7-b434-c11230a8b3e3',
  orgId: '3e4cdee9-0b3b-46dd-9b98-df0e38a0271c',
  firmType: 'INDIVISUAL',
  gstn: '22AAXPI3239A2ZY',
  voterId: null,
  verificationTicketId: null,
  group: { name: 'Sold-to-party', partnerType: null, uuid: null, orgId: null },
  address: '{"address":"DABRIPARA, WARD NO.10, Baikunthpur,  ","city":"BAIKUNTHPUR","state":"CHHATTISGARH","pincode":"497335"}',
  verificationStatus: 'unverified',
  externalId: '2008774',
  panNumber: 'AAXPI3239A',
  aadharNo: null,
  parentId: null,
  places: [
    {
      hubId: null,
      boundary: null,
      address: '',
      accessibility: 'public',
      addedBy: '',
      center: [Object],
      suggestedRadius: 10000,
      isOwned: false,
      centerCoordinates: [Array],
      placeId: '5234b6bc-84b9-407d-af3e-7ab582693dd0',
      geoJsonBoundry: null,
      externalId: null,
      source: 'FRETRON',
      places: null,
      viewport: null,
      district: null,
      name: 'BAIKUNTHPUR',
      state: null,
      category: 'Fleet Office',
      subDistrict: null,
      controllingBranchId: null
    }
  ],
  route: null,
  name: 'Abdul Hameed & Sons',
  location: null,
  fretronId: null,
  contacts: [
    {
      emails: [],
      address: null,
      mobileNumbers: [Array],
      mobileNumber: null,
      name: 'MOHAMMAD IMRAN',
      type: null
    },
    {
      emails: [],
      address: null,
      mobileNumbers: [Array],
      mobileNumber: null,
      name: 'MOHAMMAD IMRAN',
      type: null
    }
  ],
  status: 'ACTIVE'
}
{
  geoFence: null,
  documents: [],
  customFields: null,
  isPortalEnabled: true,
  type: 'customer',
  updates: null,
  uuid: '33297170-85fa-4fcd-8b78-19f725a9e263',
  orgId: '3e4cdee9-0b3b-46dd-9b98-df0e38a0271c',
  firmType: 'INDIVISUAL',
  gstn: '09AKHPR5210J1ZZ',
  voterId: null,
  verificationTicketId: null,
  group: { name: 'Sold-to-party', partnerType: null, uuid: null, orgId: null },
  address: '{"pincode":282007,"address":"SECTOR 16-A ,483 AWAS VIKAS COLONY","city":"AGRA","state":"AGRA"}',
  verificationStatus: 'unverified',
  externalId: '2007785',
  panNumber: 'AKHPR5210J',
  aadharNo: null,
  parentId: null,
  places: [
    {
      hubId: null,
      boundary: null,
      address: null,
      accessibility: 'private',
      addedBy: '3e4cdee9-0b3b-46dd-9b98-df0e38a0271c',
      center: [Object],
      suggestedRadius: 0,
      isOwned: null,
      centerCoordinates: [Array],
      placeId: '358b2208-75ec-4c00-9cbe-fba043dc959c',
      geoJsonBoundry: null,
      externalId: null,
      source: 'GOOGLE',
      places: null,
      viewport: null,
      district: 'Agra',
      name: 'AGRA',
      state: 'UTTAR PRADESH',
      category: 'Hub',
      subDistrict: null,
      controllingBranchId: null
    }
  ],
  route: null,
  name: 'KULDEEP ENTERPRISES',
  location: null,
  fretronId: null,
  contacts: [
    {
      emails: [Array],
      address: null,
      mobileNumbers: [Array],
      mobileNumber: null,
      name: 'KULDEEP ENTERPRISES',
      type: null
    }
  ],
  status: 'ACTIVE'
}
{
  geoFence: null,
  documents: [],
  customFields: null,
  isPortalEnabled: false,
  type: 'customer',
  updates: null,
  uuid: 'c59bf016-c696-421f-b3ad-eb3c1bdfa303',
  orgId: '3e4cdee9-0b3b-46dd-9b98-df0e38a0271c',
  firmType: 'INDIVISUAL',
  gstn: '09ESUPK7459F1ZV',
  voterId: null,
  verificationTicketId: null,
  group: { name: 'Sold-to-party', partnerType: null, uuid: null, orgId: null },
  address: '{"address":"A-3A, TEELA SHAHBAJPUR, LONI DEHAT  ","city":"TEELA SHAHBAJPUR","state":"UTTAR PRADESH","pincode":"201102"}',
  verificationStatus: 'unverified',
  externalId: '2009192',
  panNumber: 'ESUPK7459F',
  aadharNo: null,
  parentId: null,
  places: [
    {
      hubId: null,
      boundary: null,
      address: '{"address":"A-3A, TEELA SHAHBAJPUR, LONI DEHAT  ","city":"TEELA SHAHBAJPUR","state":"UTTAR PRADESH","pincode":"201102"}',
      accessibility: 'public',
      addedBy: '3e4cdee9-0b3b-46dd-9b98-df0e38a0271c',
      center: [Object],
      suggestedRadius: 10000,
      isOwned: false,
      centerCoordinates: [Array],
      placeId: 'c2b23ed7-bc73-43aa-9a48-9ac8f2481409',
      geoJsonBoundry: null,
      externalId: null,
      source: 'FRETRON',
      places: null,
      viewport: null,
      district: null,
      name: 'TEELA SHAHBAJPUR',
      state: null,
      category: 'Hub',
      subDistrict: null,
      controllingBranchId: null
    }
  ],
  route: null,
  name: 'ANITA KUMARI',
  location: null,
  fretronId: null,
  contacts: [
    {
      emails: [],
      address: null,
      mobileNumbers: [Array],
      mobileNumber: null,
      name: 'ANITA KUMARI',
      type: null
    }
  ],
  status: 'ACTIVE'
}
{
  geoFence: null,
  documents: [],
  customFields: null,
  isPortalEnabled: true,
  type: 'customer',
  updates: null,
  uuid: 'de6f575a-6e81-4870-8a3b-0f2a48ba72f6',
  orgId: '3e4cdee9-0b3b-46dd-9b98-df0e38a0271c',
  firmType: 'INDIVISUAL',
  gstn: '07AFKPJ0161L1ZF',
  voterId: null,
  verificationTicketId: null,
  group: { name: 'Sold-to-party', partnerType: null, uuid: null, orgId: null },
  address: '{"pincode":110035,"address":"2566, JAIN STHANAK ROAD,","city":"TRINAGAR","state":"DELHI"}',
  verificationStatus: 'unverified',
  externalId: '2000595',
  panNumber: 'AFKPJ0161L',
  aadharNo: null,
  parentId: null,
  places: [
    {
      hubId: null,
      boundary: null,
      address: null,
      accessibility: 'private',
      addedBy: '3e4cdee9-0b3b-46dd-9b98-df0e38a0271c',
      center: [Object],
      suggestedRadius: 5000,
      isOwned: null,
      centerCoordinates: [Array],
      placeId: 'a0866d02-8459-44e6-b205-44a8da386508',
      geoJsonBoundry: null,
      externalId: null,
      source: 'GOOGLE',
      places: null,
      viewport: null,
      district: 'DELHI',
      name: 'TRINAGAR',
      state: 'DELHI',
      category: 'Hub',
      subDistrict: null,
      controllingBranchId: null
    }
  ],
  route: null,
  name: 'MAHADEV TRADERS',
  location: null,
  fretronId: null,
  contacts: [
    {
      emails: [Array],
      address: null,
      mobileNumbers: [Array],
      mobileNumber: null,
      name: 'RITA JINDAL',
      type: null
    },
    {
      emails: [Array],
      address: null,
      mobileNumbers: [Array],
      mobileNumber: null,
      name: 'RITA JINDAL',
      type: null
    }
  ],
  status: 'ACTIVE'
}
{
  geoFence: null,
  documents: [],
  customFields: null,
  isPortalEnabled: true,
  type: 'customer',
  updates: null,
  uuid: '220a7a6b-385f-4386-86cc-44266b97417b',
  orgId: '3e4cdee9-0b3b-46dd-9b98-df0e38a0271c',
  firmType: 'INDIVISUAL',
  gstn: '07AGLPA2743H1ZM',
  voterId: null,
  verificationTicketId: null,
  group: { name: 'Sold-to-party', partnerType: null, uuid: null, orgId: null },
  address: '{"pincode":110008,"address":"17 / 1809A, GROUND FLOOR, SHAKTI MA","city":"WEST PATEL NGAR","state":"CENTRAL DELHI"}',
  verificationStatus: 'unverified',
  externalId: '2008329',
  panNumber: 'AGLPA2743H',
  aadharNo: null,
  parentId: null,
  places: [
    {
      hubId: null,
      boundary: null,
      address: null,
      accessibility: 'private',
      addedBy: '3e4cdee9-0b3b-46dd-9b98-df0e38a0271c',
      center: [Object],
      suggestedRadius: 5000,
      isOwned: null,
      centerCoordinates: [Array],
      placeId: '173d6fe0-ab5d-4346-8bb6-a19430182012',
      geoJsonBoundry: null,
      externalId: null,
      source: 'GOOGLE',
      places: null,
      viewport: null,
      district: 'CENTRAL DELHI',
      name: 'WEST PATEL NGAR',
      state: 'DELHI',
      category: 'Hub',
      subDistrict: null,
      controllingBranchId: null
    }
  ],
  route: null,
  name: 'GAYATRI SALES',
  location: null,
  fretronId: null,
  contacts: [
    {
      emails: [Array],
      address: null,
      mobileNumbers: [Array],
      mobileNumber: null,
      name: 'SAURAV AGGARWAL',
      type: null
    }
  ],
  status: 'ACTIVE'
}
{
  geoFence: null,
  documents: [],
  customFields: null,
  isPortalEnabled: false,
  type: 'customer',
  updates: null,
  uuid: '490289ec-c5be-4b72-8f96-f57b2f6a6a64',
  orgId: '3e4cdee9-0b3b-46dd-9b98-df0e38a0271c',
  firmType: 'INDIVISUAL',
  gstn: '08AAAFY4106B1ZN',
  voterId: null,
  verificationTicketId: null,
  group: { name: 'Sold-to-party', partnerType: null, uuid: null, orgId: null },
  address: '{"pincode":301001,"address":"SWARG ROAD, NEAR VISHAL TRANSPORT","city":"ALWAR","state":"ALWAR"}',
  verificationStatus: 'unverified',
  externalId: '2001319',
  panNumber: 'AAAFY4106B',
  aadharNo: null,
  parentId: null,
  places: [
    {
      hubId: null,
      boundary: null,
      address: null,
      accessibility: 'private',
      addedBy: '3e4cdee9-0b3b-46dd-9b98-df0e38a0271c',
      center: [Object],
      suggestedRadius: 5000,
      isOwned: null,
      centerCoordinates: [Array],
      placeId: '3ad1de35-88b0-41ba-9491-9bfb5018a0c7',
      geoJsonBoundry: null,
      externalId: null,
      source: 'GOOGLE',
      places: null,
      viewport: null,
      district: 'ALWAR',
      name: 'ALWAR',
      state: 'RAJASTHAN',
      category: 'Hub',
      subDistrict: null,
      controllingBranchId: null
    }
  ],
  route: null,
  name: 'YOGITA TRADERS',
  location: null,
  fretronId: null,
  contacts: [
    {
      emails: [Array],
      address: null,
      mobileNumbers: [Array],
      mobileNumber: null,
      name: 'YOGITA TRADERS',
      type: null
    },
    {
      emails: [],
      address: null,
      mobileNumbers: [Array],
      mobileNumber: null,
      name: 'ANIL ARORA',
      type: null
    }
  ],
  status: 'ACTIVE'
}
{
  geoFence: null,
  documents: [],
  customFields: null,
  isPortalEnabled: false,
  type: 'customer',
  updates: null,
  uuid: 'e6321590-fe6b-41a3-a2f9-4c893becbd7c',
  orgId: '3e4cdee9-0b3b-46dd-9b98-df0e38a0271c',
  firmType: 'INDIVISUAL',
  gstn: '20AELPJ6977N1ZW',
  voterId: null,
  verificationTicketId: null,
  group: { name: 'Sold-to-party', partnerType: null, uuid: null, orgId: null },
  address: '{"pincode":831006,"address":"0 NEAR DUKHU MARKET STATION ROAD","city":"JUGSALAI","state":"EAST SINGHBHUM"}',
  verificationStatus: 'unverified',
  externalId: '2006975',
  panNumber: 'AELPJ6977N',
  aadharNo: null,
  parentId: null,
  places: [
    {
      hubId: null,
      boundary: null,
      address: null,
      accessibility: 'private',
      addedBy: '3e4cdee9-0b3b-46dd-9b98-df0e38a0271c',
      center: [Object],
      suggestedRadius: 5000,
      isOwned: null,
      centerCoordinates: [Array],
      placeId: 'a661e623-c6fd-42be-837d-50e4705546b9',
      geoJsonBoundry: null,
      externalId: null,
      source: 'GOOGLE',
      places: null,
      viewport: null,
      district: 'EAST SINGHBHUM',
      name: 'JUGSALAI',
      state: 'JHARKHAND',
      category: 'Hub',
      subDistrict: null,
      controllingBranchId: null
    }
  ],
  route: null,
  name: 'AMRISH ENTERPRISES',
  location: null,
  fretronId: null,
  contacts: [
    {
      emails: [Array],
      address: null,
      mobileNumbers: [Array],
      mobileNumber: null,
      name: 'AMRISH ENTERPRISES',
      type: null
    }
  ],
  status: 'ACTIVE'
}
{
  geoFence: null,
  documents: [],
  customFields: null,
  isPortalEnabled: false,
  type: 'customer',
  updates: null,
  uuid: '4bf11e1a-b1ec-4171-8782-8e897d2a80b2',
  orgId: '3e4cdee9-0b3b-46dd-9b98-df0e38a0271c',
  firmType: 'INDIVISUAL',
  gstn: '09ABHPA6569Q1ZX',
  voterId: null,
  verificationTicketId: null,
  group: { name: 'Sold-to-party', partnerType: null, uuid: null, orgId: null },
  address: '{"pincode":244221,"address":"SHAHI CHABOOTRA","city":"AMROHA","state":"J.P. NAGAR"}',
  verificationStatus: 'unverified',
  externalId: '2000281',
  panNumber: 'ABHPA6569Q',
  aadharNo: null,
  parentId: null,
  places: [
    {
      hubId: null,
      boundary: null,
      address: null,
      accessibility: 'private',
      addedBy: '3e4cdee9-0b3b-46dd-9b98-df0e38a0271c',
      center: [Object],
      suggestedRadius: 0,
      isOwned: null,
      centerCoordinates: [Array],
      placeId: '0e4893cc-8169-41ee-9f9a-b11c2ca3a378',
      geoJsonBoundry: null,
      externalId: null,
      source: 'GOOGLE',
      places: null,
      viewport: null,
      district: null,
      name: 'AMROHA',
      state: null,
      category: 'Hub',
      subDistrict: null,
      controllingBranchId: null
    }
  ],
  route: null,
  name: 'FLOWER AGENCIES',
  location: null,
  fretronId: null,
  contacts: [
    {
      emails: [Array],
      address: null,
      mobileNumbers: [Array],
      mobileNumber: null,
      name: 'FLOWER AGENCIES',
      type: null
    },
    {
      emails: [],
      address: null,
      mobileNumbers: [Array],
      mobileNumber: null,
      name: 'SHAHBAD ALAM',
      type: null
    }
  ],
  status: 'ACTIVE'
}
{
  geoFence: null,
  documents: [],
  customFields: [],
  isPortalEnabled: false,
  type: 'customer',
  updates: {
    traceID: '6ddc5f0e-b568-40cf-89f9-4efec020d950',
    resourceId: '84db2438-88fc-4b0f-84ca-07d465f85b63',
    updatedBy: 'USER',
    changes: [ [Object] ],
    sourceOfInformation: null,
    description: 'contact added',
    forwardReasons: [
      'business.partner.update.event',
      'business.partner.contacts.update'
    ],
    userId: 'a42e539c-88f3-42cf-a1e7-d13e0b60833d',
    uuid: '38a8fb84-9ecd-4d63-8b49-4930a7ae22ed',
    revision: null,
    time: 1678881223447,
    forwardedFrom: null,
    resourceType: 'Business-Partner',
    updateType: null
  },
  uuid: '84db2438-88fc-4b0f-84ca-07d465f85b63',
  orgId: '3e4cdee9-0b3b-46dd-9b98-df0e38a0271c',
  firmType: 'INDIVISUAL',
  gstn: '08AAAGC0017Q1ZI',
  voterId: null,
  verificationTicketId: null,
  group: {
    name: 'Sold-to-party',
    partnerType: 'customer',
    uuid: '125e674b-69e1-4c01-bb7b-ddf84f9ff883',
    orgId: '3e4cdee9-0b3b-46dd-9b98-df0e38a0271c'
  },
  address: '{"pincode":302006,"address":"PIRU LINE, BEHIND MILITARY HOSPITAL","city":"JAIPUR","state":"JAIPUR"}',
  verificationStatus: 'unverified',
  externalId: '3000019',
  panNumber: null,
  aadharNo: null,
  parentId: null,
  places: [
    {
      hubId: null,
      boundary: [],
      address: null,
      accessibility: 'private',
      addedBy: '3e4cdee9-0b3b-46dd-9b98-df0e38a0271c',
      center: [Object],
      suggestedRadius: 5000,
      isOwned: null,
      centerCoordinates: [Array],
      placeId: '9be8065d-b9dc-466d-aadd-e387c847b61b',
      geoJsonBoundry: null,
      externalId: null,
      source: 'GOOGLE',
      places: null,
      viewport: null,
      district: 'JAIPUR',
      name: 'JAIPUR',
      state: 'RAJASTHAN',
      category: 'Hub',
      subDistrict: null,
      controllingBranchId: null
    }
  ],
  route: null,
  name: 'CANTEEN STORES DEPARTMENT',
  location: null,
  fretronId: null,
  contacts: [
    {
      emails: [Array],
      address: null,
      mobileNumbers: [Array],
      mobileNumber: null,
      name: 'AREA DEPOT MANAGER',
      type: null
    },
    {
      emails: [],
      address: null,
      mobileNumbers: [Array],
      mobileNumber: null,
      name: 'AREA DEPOT MANAGER',
      type: null
    }
  ],
  status: 'ACTIVE'
}
{
  geoFence: null,
  documents: [],
  customFields: null,
  isPortalEnabled: false,
  type: 'customer',
  updates: null,
  uuid: 'cad8b7b0-826c-4de7-96e1-fa946dcbf663',
  orgId: '3e4cdee9-0b3b-46dd-9b98-df0e38a0271c',
  firmType: 'INDIVISUAL',
  gstn: '09AXIPG1406H2ZP',
  voterId: null,
  verificationTicketId: null,
  group: { name: 'Sold-to-party', partnerType: null, uuid: null, orgId: null },
  address: '{"pincode":284001,"address":"824, DADIYAPURA, DADIYAPUR, JHASI,","city":"JHANSI","state":"JHANSI"}',
  verificationStatus: 'unverified',
  externalId: '2006532',
  panNumber: 'AXIPG1406H',
  aadharNo: null,
  parentId: null,
  places: [
    {
      hubId: null,
      boundary: null,
      address: null,
      accessibility: 'private',
      addedBy: '3e4cdee9-0b3b-46dd-9b98-df0e38a0271c',
      center: [Object],
      suggestedRadius: 5000,
      isOwned: null,
      centerCoordinates: [Array],
      placeId: '2b1c7561-a08e-49dc-87ac-e230e7395bdf',
      geoJsonBoundry: null,
      externalId: null,
      source: 'GOOGLE',
      places: null,
      viewport: null,
      district: 'JHANSI',
      name: 'JHANSI',
      state: 'UTTAR PRADESH',
      category: 'Hub',
      subDistrict: null,
      controllingBranchId: null
    }
  ],
  route: null,
  name: 'Om Enterprises',
  location: null,
  fretronId: null,
  contacts: [
    {
      emails: [Array],
      address: null,
      mobileNumbers: [Array],
      mobileNumber: null,
      name: 'Om Enterprises',
      type: null
    }
  ],
  status: 'ACTIVE'
}
{
  geoFence: null,
  documents: [],
  customFields: null,
  isPortalEnabled: false,
  type: 'customer',
  updates: null,
  uuid: '76c51557-0f65-4860-a2a6-2f656a461f46',
  orgId: '3e4cdee9-0b3b-46dd-9b98-df0e38a0271c',
  firmType: 'INDIVISUAL',
  gstn: '06AFMPA1177K1ZG',
  voterId: null,
  verificationTicketId: null,
  group: { name: 'Sold-to-party', partnerType: null, uuid: null, orgId: null },
  address: '{"pincode":122103,"address":"BALUDA ROAD,","city":"SOHNA","state":"GURGAON"}',
  verificationStatus: 'unverified',
  externalId: '2000036',
  panNumber: 'AFMPA1177K',
  aadharNo: null,
  parentId: null,
  places: [
    {
      hubId: null,
      boundary: null,
      address: null,
      accessibility: 'private',
      addedBy: '3e4cdee9-0b3b-46dd-9b98-df0e38a0271c',
      center: [Object],
      suggestedRadius: 5000,
      isOwned: null,
      centerCoordinates: [Array],
      placeId: '429b383a-7f23-4d0e-90f4-4fbf40989106',
      geoJsonBoundry: null,
      externalId: null,
      source: 'GOOGLE',
      places: null,
      viewport: null,
      district: 'GURGAON',
      name: 'SOHNA',
      state: 'HARYANA',
      category: 'Hub',
      subDistrict: null,
      controllingBranchId: null
    }
  ],
  route: null,
  name: 'AHUJA SALES AGENCIES',
  location: null,
  fretronId: null,
  contacts: [
    {
      emails: [Array],
      address: null,
      mobileNumbers: [Array],
      mobileNumber: null,
      name: 'AHUJA SALES AGENCIES',
      type: null
    },
    {
      emails: [Array],
      address: null,
      mobileNumbers: [Array],
      mobileNumber: null,
      name: 'DAY ANAND',
      type: null
    }
  ],
  status: 'ACTIVE'
}
{
  geoFence: null,
  documents: [],
  customFields: [],
  isPortalEnabled: false,
  type: 'customer',
  updates: {
    traceID: 'cf4affaa-5023-4369-a683-67b324611a41',
    resourceId: '5082c7a2-e196-4f0e-900d-7b9f5ea32cd5',
    updatedBy: 'USER',
    changes: [ [Object] ],
    sourceOfInformation: null,
    description: 'contact added',
    forwardReasons: [
      'business.partner.update.event',
      'business.partner.contacts.update'
    ],
    userId: 'a42e539c-88f3-42cf-a1e7-d13e0b60833d',
    uuid: '0b455dc6-6d9a-4f73-a7cb-e41d727bf39d',
    revision: null,
    time: 1678879068065,
    forwardedFrom: null,
    resourceType: 'Business-Partner',
    updateType: null
  },
  uuid: '5082c7a2-e196-4f0e-900d-7b9f5ea32cd5',
  orgId: '3e4cdee9-0b3b-46dd-9b98-df0e38a0271c',
  firmType: 'INDIVISUAL',
  gstn: '08ABLPJ8344G1ZE',
  voterId: null,
  verificationTicketId: null,
  group: {
    name: 'Sold-to-party',
    partnerType: 'customer',
    uuid: '125e674b-69e1-4c01-bb7b-ddf84f9ff883',
    orgId: '3e4cdee9-0b3b-46dd-9b98-df0e38a0271c'
  },
  address: '{"pincode":326023,"address":"NARAYANA TALKIES ROAD","city":"JHALRA PATAN","state":"JHALAWAR"}',
  verificationStatus: 'unverified',
  externalId: '2000873',
  panNumber: 'ABLPJ8344G',
  aadharNo: null,
  parentId: null,
  places: [
    {
      hubId: null,
      boundary: [],
      address: null,
      accessibility: 'private',
      addedBy: '3e4cdee9-0b3b-46dd-9b98-df0e38a0271c',
      center: [Object],
      suggestedRadius: 5000,
      isOwned: null,
      centerCoordinates: [Array],
      placeId: 'b9fcee1b-6a49-4423-89af-503d3ea0ae71',
      geoJsonBoundry: null,
      externalId: null,
      source: 'GOOGLE',
      places: null,
      viewport: null,
      district: 'JHALAWAR',
      name: 'JHALRA PATAN',
      state: 'RAJASTHAN',
      category: 'Hub',
      subDistrict: null,
      controllingBranchId: null
    }
  ],
  route: null,
  name: 'RAKESH TRADERS',
  location: null,
  fretronId: null,
  contacts: [
    {
      emails: [Array],
      address: null,
      mobileNumbers: [Array],
      mobileNumber: null,
      name: 'MAHEEP JAIN',
      type: null
    },
    {
      emails: [],
      address: null,
      mobileNumbers: [Array],
      mobileNumber: null,
      name: 'MAHEEP JAIN',
      type: null
    }
  ],
  status: 'ACTIVE'
}
{
  geoFence: null,
  documents: [],
  customFields: [],
  isPortalEnabled: false,
  type: 'customer',
  updates: {
    traceID: '39b9baec-4f32-49d1-a7f1-bd502236d2c8',
    resourceId: 'a62e0a70-79c0-4572-beb2-1cd6718fcced',
    updatedBy: 'USER',
    changes: [ [Object] ],
    sourceOfInformation: null,
    description: 'contact added',
    forwardReasons: [
      'business.partner.update.event',
      'business.partner.contacts.update'
    ],
    userId: '7d6539ac-5dd0-48d4-80d7-251fbdb86158',
    uuid: '0d1660b4-c8db-47f9-971e-30c9318fbed7',
    revision: null,
    time: 1671732063526,
    forwardedFrom: null,
    resourceType: 'Business-Partner',
    updateType: null
  },
  uuid: 'a62e0a70-79c0-4572-beb2-1cd6718fcced',
  orgId: '3e4cdee9-0b3b-46dd-9b98-df0e38a0271c',
  firmType: 'INDIVISUAL',
  gstn: '29ASOPJ2141H1ZN',
  voterId: null,
  verificationTicketId: null,
  group: {
    name: 'Sold-to-party',
    partnerType: 'customer',
    uuid: '125e674b-69e1-4c01-bb7b-ddf84f9ff883',
    orgId: '3e4cdee9-0b3b-46dd-9b98-df0e38a0271c'
  },
  address: '{"pincode":581329,"address":"CTS NO-772, H NO.390,GANAPATI GALLI","city":"HALIYAL","state":"UTTARA KANNADA"}',
  verificationStatus: 'unverified',
  externalId: '2008676',
  panNumber: 'ASOPJ2141H',
  aadharNo: null,
  parentId: null,
  places: [
    {
      hubId: null,
      boundary: [],
      address: null,
      accessibility: 'private',
      addedBy: '3e4cdee9-0b3b-46dd-9b98-df0e38a0271c',
      center: [Object],
      suggestedRadius: 5000,
      isOwned: null,
      centerCoordinates: [Array],
      placeId: 'ad4a5ae0-0372-4f83-9c2b-21cf7bda0051',
      geoJsonBoundry: null,
      externalId: null,
      source: 'GOOGLE',
      places: null,
      viewport: null,
      district: 'KARWAR',
      name: 'HALIYAL',
      state: 'KARNATAKA',
      category: 'Hub',
      subDistrict: null,
      controllingBranchId: null
    }
  ],
  route: null,
  name: 'SHREE BASAVESHWAR TRADERS',
  location: null,
  fretronId: null,
  contacts: [
    {
      emails: [Array],
      address: null,
      mobileNumbers: [Array],
      mobileNumber: null,
      name: 'SHREE BASAVESHWAR TRADERS',
      type: null
    }
  ],
  status: 'ACTIVE'
}
{
  geoFence: null,
  documents: [],
  customFields: null,
  isPortalEnabled: false,
  type: 'customer',
  updates: null,
  uuid: '81d43f3f-44a8-4503-9b6e-ea55ea596d41',
  orgId: '3e4cdee9-0b3b-46dd-9b98-df0e38a0271c',
  firmType: 'INDIVISUAL',
  gstn: '23DCVPK8777E1ZX',
  voterId: null,
  verificationTicketId: null,
  group: { name: 'Sold-to-party', partnerType: null, uuid: null, orgId: null },
  address: '{"pincode":466446,"address":"WARD NO 10,REHTI MAIN ROAD","city":"REHTI","state":"SEHORE"}',
  verificationStatus: 'unverified',
  externalId: '2008377',
  panNumber: 'DCVPK8777E',
  aadharNo: null,
  parentId: null,
  places: [
    {
      hubId: null,
      boundary: null,
      address: null,
      accessibility: 'private',
      addedBy: '3e4cdee9-0b3b-46dd-9b98-df0e38a0271c',
      center: [Object],
      suggestedRadius: 5000,
      isOwned: null,
      centerCoordinates: [Array],
      placeId: 'd77a8d21-c3ee-4122-b32b-d4912ac5b3b3',
      geoJsonBoundry: null,
      externalId: null,
      source: 'GOOGLE',
      places: null,
      viewport: null,
      district: 'SEHORE',
      name: 'REHTI',
      state: 'MADHYA PRADESH',
      category: 'Hub',
      subDistrict: null,
      controllingBranchId: null
    }
  ],
  route: null,
  name: 'LUCKY TRADERS',
  location: null,
  fretronId: null,
  contacts: [
    {
      emails: [Array],
      address: null,
      mobileNumbers: [Array],
      mobileNumber: null,
      name: 'VINOD KUMAR',
      type: null
    }
  ],
  status: 'ACTIVE'
}
{
  geoFence: null,
  documents: [],
  customFields: null,
  isPortalEnabled: false,
  type: 'customer',
  updates: null,
  uuid: '0d88013e-7580-4d2b-aed0-fca99d261d96',
  orgId: '3e4cdee9-0b3b-46dd-9b98-df0e38a0271c',
  firmType: 'INDIVISUAL',
  gstn: '27JFQPK9880E1ZK',
  voterId: null,
  verificationTicketId: null,
  group: { name: 'Sold-to-party', partnerType: null, uuid: null, orgId: null },
  address: '{"address":"H NO 244,SHAHID PRAKASH PANDYA CHOWK  ","city":"NAGPUR","state":"MAHARASHTRA","pincode":"440002"}',
  verificationStatus: 'unverified',
  externalId: '2008787',
  panNumber: 'JFQPK9880E',
  aadharNo: null,
  parentId: null,
  places: [
    {
      hubId: null,
      boundary: null,
      address: '',
      accessibility: 'public',
      addedBy: '',
      center: [Object],
      suggestedRadius: 10000,
      isOwned: false,
      centerCoordinates: [Array],
      placeId: 'a977b079-ca96-4b72-b5b8-06d8e1f27cf2',
      geoJsonBoundry: null,
      externalId: null,
      source: 'FRETRON',
      places: null,
      viewport: null,
      district: null,
      name: 'NAGPUR',
      state: null,
      category: 'Fleet Office',
      subDistrict: null,
      controllingBranchId: null
    }
  ],
  route: null,
  name: 'JATIN TRADING COMPANY',
  location: null,
  fretronId: null,
  contacts: [
    {
      emails: [],
      address: null,
      mobileNumbers: [Array],
      mobileNumber: null,
      name: 'SHAILESH ASHOKRAOJI KAWALE',
      type: null
    },
    {
      emails: [],
      address: null,
      mobileNumbers: [Array],
      mobileNumber: null,
      name: 'SHAILESH ASHOKRAOJI KAWALE',
      type: null
    }
  ],
  status: 'ACTIVE'
}
{
  geoFence: null,
  documents: [],
  customFields: null,
  isPortalEnabled: false,
  type: 'customer',
  updates: null,
  uuid: 'd911d7d3-3f09-4478-84c9-522f1ee9115f',
  orgId: '3e4cdee9-0b3b-46dd-9b98-df0e38a0271c',
  firmType: 'INDIVISUAL',
  gstn: '09ADEPV4190R1ZK',
  voterId: null,
  verificationTicketId: null,
  group: { name: 'Sold-to-party', partnerType: null, uuid: null, orgId: null },
  address: '{"pincode":262701,"address":"BAHADUR NAGAR","city":"LAKHIMPUR KHERI","state":"LAKHIMPUR KHERI"}',
  verificationStatus: 'unverified',
  externalId: '2005923',
  panNumber: 'ADEPV4190R',
  aadharNo: null,
  parentId: null,
  places: [
    {
      hubId: null,
      boundary: null,
      address: null,
      accessibility: 'private',
      addedBy: '3e4cdee9-0b3b-46dd-9b98-df0e38a0271c',
      center: [Object],
      suggestedRadius: 5000,
      isOwned: null,
      centerCoordinates: [Array],
      placeId: 'a6fe5dfd-730f-4520-94b9-59b8af0b1dac',
      geoJsonBoundry: null,
      externalId: null,
      source: 'GOOGLE',
      places: null,
      viewport: null,
      district: 'LAKHIMPUR KHERI',
      name: 'LAKHIMPUR KHERI',
      state: 'UTTAR PRADESH',
      category: 'Hub',
      subDistrict: null,
      controllingBranchId: null
    }
  ],
  route: null,
  name: 'R.D.TRADERS',
  location: null,
  fretronId: null,
  contacts: [
    {
      emails: [Array],
      address: null,
      mobileNumbers: [Array],
      mobileNumber: null,
      name: 'R.D.TRADERS',
      type: null
    }
  ],
  status: 'ACTIVE'
}
{
  geoFence: null,
  documents: [],
  customFields: [],
  isPortalEnabled: false,
  type: 'customer',
  updates: {
    traceID: '672e6c80-0bfc-4263-b7ed-b3b8c1c82e82',
    resourceId: '4673dd81-48bb-4425-9d42-e3ccf29f8c26',
    updatedBy: 'USER',
    changes: [ [Object] ],
    sourceOfInformation: null,
    description: 'changed name from FENA (P) LIMITED to FENA (P) LIMITED (OKHLA)',
    forwardReasons: [
      'business.partner.update.event',
      'business.partner.name.updated'
    ],
    userId: '7d6539ac-5dd0-48d4-80d7-251fbdb86158',
    uuid: '294ac5e1-b448-44ed-9136-a37c4bd309f0',
    revision: null,
    time: 1684317165108,
    forwardedFrom: null,
    resourceType: 'Business-Partner',
    updateType: null
  },
  uuid: '4673dd81-48bb-4425-9d42-e3ccf29f8c26',
  orgId: '3e4cdee9-0b3b-46dd-9b98-df0e38a0271c',
  firmType: 'INDIVISUAL',
  gstn: '07AAACS0326G2ZS',
  voterId: null,
  verificationTicketId: null,
  group: {
    name: 'Sold-to-party',
    partnerType: 'customer',
    uuid: '125e674b-69e1-4c01-bb7b-ddf84f9ff883',
    orgId: '3e4cdee9-0b3b-46dd-9b98-df0e38a0271c'
  },
  address: '{"pincode":110020,"address":"146-148 & 166,167,DSIDC INDL.","city":"OKHLA","state":"NEW DELHI"}',
  verificationStatus: 'unverified',
  externalId: 'THAR',
  panNumber: null,
  aadharNo: null,
  parentId: null,
  places: [
    {
      hubId: null,
      boundary: [],
      address: null,
      accessibility: 'private',
      addedBy: '3e4cdee9-0b3b-46dd-9b98-df0e38a0271c',
      center: [Object],
      suggestedRadius: 5000,
      isOwned: null,
      centerCoordinates: [Array],
      placeId: '8abcd0ee-6ed6-48af-ac1c-fc24627e0fb2',
      geoJsonBoundry: null,
      externalId: null,
      source: 'GOOGLE',
      places: null,
      viewport: null,
      district: 'NEW DELHI',
      name: 'OKHLA',
      state: 'DELHI',
      category: 'Hub',
      subDistrict: null,
      controllingBranchId: null
    }
  ],
  route: null,
  name: 'FENA (P) LIMITED (OKHLA)',
  location: null,
  fretronId: null,
  contacts: [
    {
      emails: [Array],
      address: null,
      mobileNumbers: [Array],
      mobileNumber: null,
      name: '--',
      type: null
    }
  ],
  status: 'ACTIVE'
}
{
  geoFence: null,
  documents: [],
  customFields: null,
  isPortalEnabled: false,
  type: 'customer',
  updates: null,
  uuid: '25b9d458-a2bd-42d9-8acc-712e385c26b3',
  orgId: '3e4cdee9-0b3b-46dd-9b98-df0e38a0271c',
  firmType: 'INDIVISUAL',
  gstn: '23ANBPG6941Q1ZQ',
  voterId: null,
  verificationTicketId: null,
  group: { name: 'Sold-to-party', partnerType: null, uuid: null, orgId: null },
  address: '{"pincode":476444,"address":"BHAIRO MARKET STATION ROAD","city":"BANMORE","state":"MORENA"}',
  verificationStatus: 'unverified',
  externalId: '2006462',
  panNumber: 'ANBPG6941Q',
  aadharNo: null,
  parentId: null,
  places: [
    {
      hubId: null,
      boundary: null,
      address: null,
      accessibility: 'private',
      addedBy: '3e4cdee9-0b3b-46dd-9b98-df0e38a0271c',
      center: [Object],
      suggestedRadius: 5000,
      isOwned: null,
      centerCoordinates: [Array],
      placeId: 'cb2ad19e-712f-4d85-828d-1b9b4f661c8d',
      geoJsonBoundry: null,
      externalId: null,
      source: 'GOOGLE',
      places: null,
      viewport: null,
      district: 'MORENA',
      name: 'BANMORE',
      state: 'MADHYA PRADESH',
      category: 'Hub',
      subDistrict: null,
      controllingBranchId: null
    }
  ],
  route: null,
  name: 'RAMESH CHAND KAMAL KUMAR',
  location: null,
  fretronId: null,
  contacts: [
    {
      emails: [Array],
      address: null,
      mobileNumbers: [Array],
      mobileNumber: null,
      name: 'RAMESH CHAND KAMAL KUMAR',
      type: null
    }
  ],
  status: 'ACTIVE'
}
{
  geoFence: null,
  documents: [],
  customFields: null,
  isPortalEnabled: false,
  type: 'customer',
  updates: null,
  uuid: '71dabc05-a325-4285-9c0b-e2cfc59413e6',
  orgId: '3e4cdee9-0b3b-46dd-9b98-df0e38a0271c',
  firmType: 'INDIVISUAL',
  gstn: '06AQBPK3217E1ZE',
  voterId: null,
  verificationTicketId: null,
  group: { name: 'Sold-to-party', partnerType: null, uuid: null, orgId: null },
  address: '{"pincode":122413,"address":"VILLAGE FAZALWAS","city":"PACHAGAON","state":"GURGAON"}',
  verificationStatus: 'unverified',
  externalId: '2004480',
  panNumber: 'AQBPK3217E',
  aadharNo: null,
  parentId: null,
  places: [
    {
      hubId: null,
      boundary: null,
      address: null,
      accessibility: 'private',
      addedBy: '3e4cdee9-0b3b-46dd-9b98-df0e38a0271c',
      center: [Object],
      suggestedRadius: 5000,
      isOwned: null,
      centerCoordinates: [Array],
      placeId: 'fae32770-aca9-4b6a-9f10-8d72e8a25f2f',
      geoJsonBoundry: null,
      externalId: null,
      source: 'GOOGLE',
      places: null,
      viewport: null,
      district: 'GURGAON',
      name: 'PACHAGAON',
      state: 'HARYANA',
      category: 'Hub',
      subDistrict: null,
      controllingBranchId: null
    }
  ],
  route: null,
  name: 'DINESH KUMAR FLOUR MILLS',
  location: null,
  fretronId: null,
  contacts: [
    {
      emails: [Array],
      address: null,
      mobileNumbers: [Array],
      mobileNumber: null,
      name: 'DINESH KUMAR FLOUR MILLS',
      type: null
    }
  ],
  status: 'ACTIVE'
}
{
  geoFence: null,
  documents: [],
  customFields: null,
  isPortalEnabled: true,
  type: 'customer',
  updates: null,
  uuid: '22c83477-aef1-43b7-b21e-2d3a5fd1402e',
  orgId: '3e4cdee9-0b3b-46dd-9b98-df0e38a0271c',
  firmType: 'INDIVISUAL',
  gstn: '07AFBPG8051K1ZG',
  voterId: null,
  verificationTicketId: null,
  group: { name: 'Sold-to-party', partnerType: null, uuid: null, orgId: null },
  address: '{"pincode":110055,"address":"4983, RAM DWARA ROAD,","city":"PAHARGANJ","state":"DELHI"}',
  verificationStatus: 'unverified',
  externalId: '2000341',
  panNumber: 'AFBPG8051K',
  aadharNo: null,
  parentId: null,
  places: [
    {
      hubId: null,
      boundary: null,
      address: null,
      accessibility: 'private',
      addedBy: '3e4cdee9-0b3b-46dd-9b98-df0e38a0271c',
      center: [Object],
      suggestedRadius: 5000,
      isOwned: null,
      centerCoordinates: [Array],
      placeId: 'b2c2bc93-cae7-47c0-9a4c-8ae93af1c0f4',
      geoJsonBoundry: null,
      externalId: null,
      source: 'GOOGLE',
      places: null,
      viewport: null,
      district: 'DELHI',
      name: 'PAHARGANJ',
      state: 'DELHI',
      category: 'Hub',
      subDistrict: null,
      controllingBranchId: null
    }
  ],
  route: null,
  name: 'GUPTA AGENCY',
  location: null,
  fretronId: null,
  contacts: [
    {
      emails: [Array],
      address: null,
      mobileNumbers: [Array],
      mobileNumber: null,
      name: 'SAMEER GUPTA',
      type: null
    },
    {
      emails: [Array],
      address: null,
      mobileNumbers: [Array],
      mobileNumber: null,
      name: 'SAMEER GUPTA',
      type: null
    }
  ],
  status: 'ACTIVE'
}
{
  geoFence: null,
  documents: [],
  customFields: null,
  isPortalEnabled: false,
  type: 'customer',
  updates: null,
  uuid: 'e853b595-c7a1-41b9-beca-50f2cb990c90',
  orgId: '3e4cdee9-0b3b-46dd-9b98-df0e38a0271c',
  firmType: 'INDIVISUAL',
  gstn: '19ARZPP7996E1ZI',
  voterId: null,
  verificationTicketId: null,
  group: { name: 'Sold-to-party', partnerType: null, uuid: null, orgId: null },
  address: '{"pincode":700109,"address":"26/A, NEW ADARSHA NAGAR, AGARPARA N","city":"AGARPARA","state":"North 24 Parganas"}',
  verificationStatus: 'unverified',
  externalId: '2007758',
  panNumber: 'ARZPP7996E',
  aadharNo: null,
  parentId: null,
  places: [
    {
      hubId: null,
      boundary: null,
      address: null,
      accessibility: 'private',
      addedBy: '3e4cdee9-0b3b-46dd-9b98-df0e38a0271c',
      center: [Object],
      suggestedRadius: 5000,
      isOwned: null,
      centerCoordinates: [Array],
      placeId: 'a7edda6f-c668-4c60-95c6-d97a92e1768a',
      geoJsonBoundry: null,
      externalId: null,
      source: 'GOOGLE',
      places: null,
      viewport: null,
      district: 'North 24 Parganas',
      name: 'AGARPARA',
      state: 'WEST BENGAL',
      category: 'Hub',
      subDistrict: null,
      controllingBranchId: null
    }
  ],
  route: null,
  name: 'PAL CHAKRABORTY TRADING',
  location: null,
  fretronId: null,
  contacts: [
    {
      emails: [Array],
      address: null,
      mobileNumbers: [Array],
      mobileNumber: null,
      name: 'PAL CHAKRABORTY TRADING',
      type: null
    }
  ],
  status: 'ACTIVE'
}
{
  geoFence: null,
  documents: [],
  customFields: null,
  isPortalEnabled: true,
  type: 'customer',
  updates: null,
  uuid: '1e0aceee-62ea-4304-a638-6719b1930a07',
  orgId: '3e4cdee9-0b3b-46dd-9b98-df0e38a0271c',
  firmType: 'INDIVISUAL',
  gstn: '07DGBPA4338D1ZY',
  voterId: null,
  verificationTicketId: null,
  group: { name: 'Sold-to-party', partnerType: null, uuid: null, orgId: null },
  address: '{"pincode":110018,"address":"WZ-197, GROUND FLOOR, , BACK SIDE,","city":"TIHAR VILLAGE","state":"WEST DELHI"}',
  verificationStatus: 'unverified',
  externalId: '2007175',
  panNumber: 'DGBPA4338D',
  aadharNo: null,
  parentId: null,
  places: [
    {
      hubId: null,
      boundary: null,
      address: null,
      accessibility: 'private',
      addedBy: '3e4cdee9-0b3b-46dd-9b98-df0e38a0271c',
      center: [Object],
      suggestedRadius: 5000,
      isOwned: null,
      centerCoordinates: [Array],
      placeId: 'b4f26096-8a8c-4686-81fa-3f658e21f043',
      geoJsonBoundry: null,
      externalId: null,
      source: 'GOOGLE',
      places: null,
      viewport: null,
      district: 'WEST DELHI',
      name: 'TIHAR VILLAGE',
      state: 'DELHI',
      category: 'Hub',
      subDistrict: null,
      controllingBranchId: null
    }
  ],
  route: null,
  name: 'MONIKA TRADERS',
  location: null,
  fretronId: null,
  contacts: [
    {
      emails: [Array],
      address: null,
      mobileNumbers: [Array],
      mobileNumber: null,
      name: 'MONIKA TRADERS',
      type: null
    },
    {
      emails: [Array],
      address: null,
      mobileNumbers: [Array],
      mobileNumber: null,
      name: 'MONIKA AGNIHOTRI',
      type: null
    }
  ],
  status: 'ACTIVE'
}
{
  geoFence: null,
  documents: [],
  customFields: null,
  isPortalEnabled: false,
  type: 'customer',
  updates: null,
  uuid: 'd7cb9323-7ddc-491f-8c83-d0f1fde9e86d',
  orgId: '3e4cdee9-0b3b-46dd-9b98-df0e38a0271c',
  firmType: 'INDIVISUAL',
  gstn: '22AAFFG4351F1ZV',
  voterId: null,
  verificationTicketId: null,
  group: { name: 'Sold-to-party', partnerType: null, uuid: null, orgId: null },
  address: '{"address":"GOPILAL MOOLCHAND LOHIYA,GANJ LINE  ","city":"RAJNANDGAON","state":"CHHATTISGARH","pincode":"491441"}',
  verificationStatus: 'unverified',
  externalId: '2009230',
  panNumber: 'AAFFG4351F',
  aadharNo: null,
  parentId: null,
  places: [
    {
      hubId: null,
      boundary: null,
      address: null,
      accessibility: 'private',
      addedBy: '3e4cdee9-0b3b-46dd-9b98-df0e38a0271c',
      center: [Object],
      suggestedRadius: 5000,
      isOwned: null,
      centerCoordinates: [Array],
      placeId: '15f72f2f-f607-41fb-8317-0a7fb2ce1d1a',
      geoJsonBoundry: null,
      externalId: null,
      source: 'GOOGLE',
      places: null,
      viewport: null,
      district: 'RAJNANDGAON',
      name: 'RAJNANDGAON',
      state: 'CHHATTISGARH',
      category: 'Hub',
      subDistrict: null,
      controllingBranchId: null
    }
  ],
  route: null,
  name: 'GOPILAL MOOLCHAND LOHIYA',
  location: null,
  fretronId: null,
  contacts: [
    {
      emails: [],
      address: null,
      mobileNumbers: [Array],
      mobileNumber: null,
      name: 'NIKHIL LOHIYA / SURENDRA KUMAR',
      type: null
    }
  ],
  status: 'ACTIVE'
}
{
  geoFence: null,
  documents: [],
  customFields: null,
  isPortalEnabled: false,
  type: 'customer',
  updates: null,
  uuid: '80cadc58-26b2-48f9-b15a-9d36f828ace6',
  orgId: '3e4cdee9-0b3b-46dd-9b98-df0e38a0271c',
  firmType: 'INDIVISUAL',
  gstn: '09ATPPV1816P1ZP',
  voterId: null,
  verificationTicketId: null,
  group: { name: 'Sold-to-party', partnerType: null, uuid: null, orgId: null },
  address: '{"pincode":285205,"address":"33, PRATAP NAGAR, NEAR SETH BRINDAV","city":"KONCH","state":"JALAUN"}',
  verificationStatus: 'unverified',
  externalId: '2003509',
  panNumber: 'ATPPV1816P',
  aadharNo: null,
  parentId: null,
  places: [
    {
      hubId: null,
      boundary: null,
      address: null,
      accessibility: 'private',
      addedBy: '3e4cdee9-0b3b-46dd-9b98-df0e38a0271c',
      center: [Object],
      suggestedRadius: 5000,
      isOwned: null,
      centerCoordinates: [Array],
      placeId: '54bd0dd0-6bfa-41ad-927f-bf5e397cf565',
      geoJsonBoundry: null,
      externalId: null,
      source: 'GOOGLE',
      places: null,
      viewport: null,
      district: 'JALAUN',
      name: 'KONCH',
      state: 'UTTAR PRADESH',
      category: 'Hub',
      subDistrict: null,
      controllingBranchId: null
    }
  ],
  route: null,
  name: 'JAY MAA HULKA DEVI AGENCY',
  location: null,
  fretronId: null,
  contacts: [
    {
      emails: [Array],
      address: null,
      mobileNumbers: [Array],
      mobileNumber: null,
      name: 'JAY MAA HULKA DEVI AGENCY',
      type: null
    },
    {
      emails: [],
      address: null,
      mobileNumbers: [Array],
      mobileNumber: null,
      name: 'VINAY GUPTA',
      type: null
    }
  ],
  status: 'ACTIVE'
}
{
  geoFence: null,
  documents: [],
  customFields: [],
  isPortalEnabled: false,
  type: 'customer',
  updates: {
    traceID: '6ddc5f0e-b568-40cf-89f9-4efec020d950',
    resourceId: '84db2438-88fc-4b0f-84ca-07d465f85b63',
    updatedBy: 'USER',
    changes: [ [Object] ],
    sourceOfInformation: null,
    description: 'contact added',
    forwardReasons: [
      'business.partner.update.event',
      'business.partner.contacts.update'
    ],
    userId: 'a42e539c-88f3-42cf-a1e7-d13e0b60833d',
    uuid: '38a8fb84-9ecd-4d63-8b49-4930a7ae22ed',
    revision: null,
    time: 1678881223447,
    forwardedFrom: null,
    resourceType: 'Business-Partner',
    updateType: null
  },
  uuid: '84db2438-88fc-4b0f-84ca-07d465f85b63',
  orgId: '3e4cdee9-0b3b-46dd-9b98-df0e38a0271c',
  firmType: 'INDIVISUAL',
  gstn: '08AAAGC0017Q1ZI',
  voterId: null,
  verificationTicketId: null,
  group: {
    name: 'Sold-to-party',
    partnerType: 'customer',
    uuid: '125e674b-69e1-4c01-bb7b-ddf84f9ff883',
    orgId: '3e4cdee9-0b3b-46dd-9b98-df0e38a0271c'
  },
  address: '{"pincode":302006,"address":"PIRU LINE, BEHIND MILITARY HOSPITAL","city":"JAIPUR","state":"JAIPUR"}',
  verificationStatus: 'unverified',
  externalId: '3000019',
  panNumber: null,
  aadharNo: null,
  parentId: null,
  places: [
    {
      hubId: null,
      boundary: [],
      address: null,
      accessibility: 'private',
      addedBy: '3e4cdee9-0b3b-46dd-9b98-df0e38a0271c',
      center: [Object],
      suggestedRadius: 5000,
      isOwned: null,
      centerCoordinates: [Array],
      placeId: '9be8065d-b9dc-466d-aadd-e387c847b61b',
      geoJsonBoundry: null,
      externalId: null,
      source: 'GOOGLE',
      places: null,
      viewport: null,
      district: 'JAIPUR',
      name: 'JAIPUR',
      state: 'RAJASTHAN',
      category: 'Hub',
      subDistrict: null,
      controllingBranchId: null
    }
  ],
  route: null,
  name: 'CANTEEN STORES DEPARTMENT',
  location: null,
  fretronId: null,
  contacts: [
    {
      emails: [Array],
      address: null,
      mobileNumbers: [Array],
      mobileNumber: null,
      name: 'AREA DEPOT MANAGER',
      type: null
    },
    {
      emails: [],
      address: null,
      mobileNumbers: [Array],
      mobileNumber: null,
      name: 'AREA DEPOT MANAGER',
      type: null
    }
  ],
  status: 'ACTIVE'
}
{
  geoFence: null,
  documents: [],
  customFields: null,
  isPortalEnabled: false,
  type: 'customer',
  updates: null,
  uuid: 'c3c732a9-8e18-4a69-8c5e-d10fc49d9966',
  orgId: '3e4cdee9-0b3b-46dd-9b98-df0e38a0271c',
  firmType: 'INDIVISUAL',
  gstn: '20BJTPB7609F1ZE',
  voterId: null,
  verificationTicketId: null,
  group: { name: 'Consignee', partnerType: null, uuid: null, orgId: null },
  address: '{"pincode":814146,"address":"BLOCK ROAD MAIN CHOK PALAJORI","city":"PALAJORI","state":"DEOGARH"}',
  verificationStatus: 'unverified',
  externalId: '2006332',
  panNumber: 'BJTPB7609F',
  aadharNo: null,
  parentId: null,
  places: [
    {
      hubId: null,
      boundary: null,
      address: null,
      accessibility: 'private',
      addedBy: '3e4cdee9-0b3b-46dd-9b98-df0e38a0271c',
      center: [Object],
      suggestedRadius: 5000,
      isOwned: null,
      centerCoordinates: [Array],
      placeId: '96439665-21e3-4ac9-85db-5e4fbac8e8ab',
      geoJsonBoundry: null,
      externalId: null,
      source: 'GOOGLE',
      places: null,
      viewport: null,
      district: 'DEOGHAR',
      name: 'PALAJORI',
      state: 'JHARKHAND',
      category: 'Hub',
      subDistrict: null,
      controllingBranchId: null
    }
  ],
  route: null,
  name: 'LAXMI MARKETING',
  location: null,
  fretronId: null,
  contacts: null,
  status: 'ACTIVE'
}
{
  geoFence: null,
  documents: [],
  customFields: null,
  isPortalEnabled: false,
  type: 'customer',
  updates: null,
  uuid: '335483bf-291c-4e12-9961-fda06bb9ae7b',
  orgId: '3e4cdee9-0b3b-46dd-9b98-df0e38a0271c',
  firmType: 'INDIVISUAL',
  gstn: '03CNQPK5035C1Z9',
  voterId: null,
  verificationTicketId: null,
  group: { name: 'Sold-to-party', partnerType: null, uuid: null, orgId: null },
  address: '{"pincode":143001,"address":"DHOBI GHAT, KHOO BHALLA,","city":"AMRITSAR","state":"AMRITSAR"}',
  verificationStatus: 'unverified',
  externalId: '2008624',
  panNumber: 'CNQPK5035C',
  aadharNo: null,
  parentId: null,
  places: [
    {
      hubId: null,
      boundary: null,
      address: null,
      accessibility: 'private',
      addedBy: '3e4cdee9-0b3b-46dd-9b98-df0e38a0271c',
      center: [Object],
      suggestedRadius: 5000,
      isOwned: null,
      centerCoordinates: [Array],
      placeId: '8eeb7d4d-2904-4e09-b237-371f5ec7887a',
      geoJsonBoundry: null,
      externalId: null,
      source: 'GOOGLE',
      places: null,
      viewport: null,
      district: 'AMRITSAR',
      name: 'AMRITSAR',
      state: 'PUNJAB',
      category: 'Hub',
      subDistrict: null,
      controllingBranchId: null
    }
  ],
  route: null,
  name: 'LORD LAKSHMIPATI ENTERPRISES',
  location: null,
  fretronId: null,
  contacts: [
    {
      emails: [Array],
      address: null,
      mobileNumbers: [Array],
      mobileNumber: null,
      name: 'LORD LAKSHMIPATI ENTERPRISES',
      type: null
    }
  ],
  status: 'ACTIVE'
}
{
  geoFence: null,
  documents: [],
  customFields: null,
  isPortalEnabled: false,
  type: 'customer',
  updates: null,
  uuid: '30a818c5-1771-40dd-9a51-2d70cf7716ae',
  orgId: '3e4cdee9-0b3b-46dd-9b98-df0e38a0271c',
  firmType: 'INDIVISUAL',
  gstn: '23AIJPJ7294C1ZA',
  voterId: null,
  verificationTicketId: null,
  group: { name: 'Sold-to-party', partnerType: null, uuid: null, orgId: null },
  address: '{"pincode":472118,"address":"WARD NO-10 MAIN MARKET","city":"JATARA","state":"TIKAMGARH"}',
  verificationStatus: 'unverified',
  externalId: '2007016',
  panNumber: 'AIJPJ7294C',
  aadharNo: null,
  parentId: null,
  places: [
    {
      hubId: null,
      boundary: null,
      address: null,
      accessibility: 'private',
      addedBy: '3e4cdee9-0b3b-46dd-9b98-df0e38a0271c',
      center: [Object],
      suggestedRadius: 5000,
      isOwned: null,
      centerCoordinates: [Array],
      placeId: '0abfe55d-6cf7-4803-b1b1-1586dc730f23',
      geoJsonBoundry: null,
      externalId: null,
      source: 'GOOGLE',
      places: null,
      viewport: null,
      district: 'TIKAMGARH',
      name: 'JATARA',
      state: 'MADHYA PRADESH',
      category: 'Hub',
      subDistrict: null,
      controllingBranchId: null
    }
  ],
  route: null,
  name: 'SUNDER LAL JAIN',
  location: null,
  fretronId: null,
  contacts: [
    {
      emails: [Array],
      address: null,
      mobileNumbers: [Array],
      mobileNumber: null,
      name: 'SUNDER LAL JAIN',
      type: null
    }
  ],
  status: 'ACTIVE'
}
{
  geoFence: null,
  documents: [],
  customFields: null,
  isPortalEnabled: false,
  type: 'customer',
  updates: null,
  uuid: '66fd383e-5c31-4613-9c56-472ca602904d',
  orgId: '3e4cdee9-0b3b-46dd-9b98-df0e38a0271c',
  firmType: 'INDIVISUAL',
  gstn: '10AEOPB1452K1ZW',
  voterId: null,
  verificationTicketId: null,
  group: { name: 'Sold-to-party', partnerType: null, uuid: null, orgId: null },
  address: '{"pincode":854315,"address":"RAUTA BAZAR, NA, RAUTA, PURNEA, BIH","city":"RAUTA BAZAR","state":"PURNEA"}',
  verificationStatus: 'unverified',
  externalId: '2007467',
  panNumber: 'AEOPB1452K',
  aadharNo: null,
  parentId: null,
  places: [
    {
      hubId: null,
      boundary: null,
      address: null,
      accessibility: 'private',
      addedBy: '3e4cdee9-0b3b-46dd-9b98-df0e38a0271c',
      center: [Object],
      suggestedRadius: 5000,
      isOwned: null,
      centerCoordinates: [Array],
      placeId: 'fa26214e-e74e-471e-84ef-1977cce1cbb8',
      geoJsonBoundry: null,
      externalId: null,
      source: 'GOOGLE',
      places: null,
      viewport: null,
      district: 'PURNEA',
      name: 'RAUTA BAZAR',
      state: 'BIHAR',
      category: 'Hub',
      subDistrict: null,
      controllingBranchId: null
    }
  ],
  route: null,
  name: 'SONU STORE',
  location: null,
  fretronId: null,
  contacts: [
    {
      emails: [Array],
      address: null,
      mobileNumbers: [Array],
      mobileNumber: null,
      name: 'SONU STORE',
      type: null
    }
  ],
  status: 'ACTIVE'
}
{
  geoFence: null,
  documents: [],
  customFields: [],
  isPortalEnabled: false,
  type: 'customer',
  updates: {
    traceID: 'ac19f15c-8c24-4159-a07e-5cacf21fbf06',
    resourceId: 'f61d2b99-257c-4e13-988b-b5a549d0d66d',
    updatedBy: 'USER',
    changes: [ [Object] ],
    sourceOfInformation: null,
    description: 'contact added',
    forwardReasons: [
      'business.partner.update.event',
      'business.partner.contacts.update'
    ],
    userId: '7d6539ac-5dd0-48d4-80d7-251fbdb86158',
    uuid: '95742a98-653d-4ad6-9186-1c9f50597262',
    revision: null,
    time: 1671730465456,
    forwardedFrom: null,
    resourceType: 'Business-Partner',
    updateType: null
  },
  uuid: 'f61d2b99-257c-4e13-988b-b5a549d0d66d',
  orgId: '3e4cdee9-0b3b-46dd-9b98-df0e38a0271c',
  firmType: 'INDIVISUAL',
  gstn: '03OSFPS2773M1ZY',
  voterId: null,
  verificationTicketId: null,
  group: {
    name: 'Sold-to-party',
    partnerType: 'customer',
    uuid: '125e674b-69e1-4c01-bb7b-ddf84f9ff883',
    orgId: '3e4cdee9-0b3b-46dd-9b98-df0e38a0271c'
  },
  address: '{"pincode":143001,"address":"43A, JAI MAA CHINTPURNI TRADING CO.","city":"AMRITSAR","state":"AMRITSAR"}',
  verificationStatus: 'unverified',
  externalId: '2008633',
  panNumber: 'OSFPS2773M',
  aadharNo: null,
  parentId: null,
  places: [
    {
      hubId: null,
      boundary: [],
      address: null,
      accessibility: 'private',
      addedBy: '3e4cdee9-0b3b-46dd-9b98-df0e38a0271c',
      center: [Object],
      suggestedRadius: 5000,
      isOwned: null,
      centerCoordinates: [Array],
      placeId: '8eeb7d4d-2904-4e09-b237-371f5ec7887a',
      geoJsonBoundry: null,
      externalId: null,
      source: 'GOOGLE',
      places: null,
      viewport: null,
      district: 'AMRITSAR',
      name: 'AMRITSAR',
      state: 'PUNJAB',
      category: 'Hub',
      subDistrict: null,
      controllingBranchId: null
    }
  ],
  route: null,
  name: 'JAI MAA CHINTPURNI TRADING CO.',
  location: null,
  fretronId: null,
  contacts: [
    {
      emails: [Array],
      address: null,
      mobileNumbers: [Array],
      mobileNumber: null,
      name: 'JAI MAA CHINTPURNI TRADING CO.',
      type: null
    }
  ],
  status: 'ACTIVE'
}
{
  geoFence: null,
  documents: [],
  customFields: null,
  isPortalEnabled: false,
  type: 'customer',
  updates: null,
  uuid: '46d8937f-9949-4c15-8284-f84770ccbc70',
  orgId: '3e4cdee9-0b3b-46dd-9b98-df0e38a0271c',
  firmType: 'INDIVISUAL',
  gstn: '06AKKPK7891D1ZV',
  voterId: null,
  verificationTicketId: null,
  group: { name: 'Sold-to-party', partnerType: null, uuid: null, orgId: null },
  address: '{"pincode":136118,"address":"KRISHNA NAGAR, GAMRI ROAD","city":"KURUKSHETRA","state":"KURUKSHETRA"}',
  verificationStatus: 'unverified',
  externalId: '2007708',
  panNumber: 'AKKPK7891D',
  aadharNo: null,
  parentId: null,
  places: [
    {
      hubId: null,
      boundary: null,
      address: null,
      accessibility: 'private',
      addedBy: '3e4cdee9-0b3b-46dd-9b98-df0e38a0271c',
      center: [Object],
      suggestedRadius: 5000,
      isOwned: null,
      centerCoordinates: [Array],
      placeId: 'cb0a768d-a00a-4222-bcc4-2009e29ae7ad',
      geoJsonBoundry: null,
      externalId: null,
      source: 'GOOGLE',
      places: null,
      viewport: null,
      district: 'KURUKSHETRA',
      name: 'KURUKSHETRA',
      state: 'HARYANA',
      category: 'Hub',
      subDistrict: null,
      controllingBranchId: null
    }
  ],
  route: null,
  name: 'HANUMAN TRADERS',
  location: null,
  fretronId: null,
  contacts: [
    {
      emails: [Array],
      address: null,
      mobileNumbers: [Array],
      mobileNumber: null,
      name: 'DEEPAK KOHLI',
      type: null
    }
  ],
  status: 'ACTIVE'
}
{
  geoFence: null,
  documents: [],
  customFields: null,
  isPortalEnabled: false,
  type: 'customer',
  updates: null,
  uuid: 'bf7e7d41-1126-4ccb-a955-399887b32fae',
  orgId: '3e4cdee9-0b3b-46dd-9b98-df0e38a0271c',
  firmType: 'INDIVISUAL',
  gstn: '20AAACS0326G1Z5',
  voterId: null,
  verificationTicketId: null,
  group: { name: 'Sold-to-party', partnerType: null, uuid: null, orgId: null },
  address: '{"pincode":826004,"address":"Susnileba PO. Nagnagar","city":"DHANBAD","state":"Jharkhand"}',
  verificationStatus: 'unverified',
  externalId: 'DDHA',
  panNumber: '4548541544',
  aadharNo: null,
  parentId: null,
  places: [
    {
      hubId: null,
      boundary: null,
      address: null,
      accessibility: 'private',
      addedBy: '3e4cdee9-0b3b-46dd-9b98-df0e38a0271c',
      center: [Object],
      suggestedRadius: 5000,
      isOwned: null,
      centerCoordinates: [Array],
      placeId: 'c31d3e81-3a33-438a-8389-ff19a3f1f13f',
      geoJsonBoundry: null,
      externalId: null,
      source: 'GOOGLE',
      places: null,
      viewport: null,
      district: 'DHANBAD',
      name: 'DHANBAD',
      state: 'JHARKHAND',
      category: 'Hub',
      subDistrict: null,
      controllingBranchId: null
    }
  ],
  route: null,
  name: 'FENA (P) LIMITED (DHANBAD)',
  location: null,
  fretronId: null,
  contacts: [
    {
      emails: [Array],
      address: null,
      mobileNumbers: [Array],
      mobileNumber: null,
      name: '-',
      type: null
    }
  ],
  status: 'ACTIVE'
}
{
  geoFence: null,
  documents: [],
  customFields: null,
  isPortalEnabled: false,
  type: 'customer',
  updates: null,
  uuid: '71eb59dc-b482-491f-a7a8-dff5612f182b',
  orgId: '3e4cdee9-0b3b-46dd-9b98-df0e38a0271c',
  firmType: 'INDIVISUAL',
  gstn: '27ABVPW1829R1ZC',
  voterId: null,
  verificationTicketId: null,
  group: { name: 'Sold-to-party', partnerType: null, uuid: null, orgId: null },
  address: '{"address":"0, GAJANAN VATIKA, NEAR DAULAT BHAR  ","city":"AKOLA","state":"MAHARASHTRA","pincode":"444005"}',
  verificationStatus: 'unverified',
  externalId: '2009100',
  panNumber: 'ABVPW1829R',
  aadharNo: null,
  parentId: null,
  places: [
    {
      hubId: null,
      boundary: null,
      address: null,
      accessibility: 'private',
      addedBy: '3e4cdee9-0b3b-46dd-9b98-df0e38a0271c',
      center: [Object],
      suggestedRadius: 5000,
      isOwned: null,
      centerCoordinates: [Array],
      placeId: 'f95949e7-ef59-4726-9598-0760e3274a99',
      geoJsonBoundry: null,
      externalId: null,
      source: 'GOOGLE',
      places: null,
      viewport: null,
      district: 'AKOLA',
      name: 'AKOLA',
      state: 'MAHARASHTRA',
      category: 'Hub',
      subDistrict: null,
      controllingBranchId: null
    }
  ],
  route: null,
  name: 'RIYYA AGENCIES',
  location: null,
  fretronId: null,
  contacts: [
    {
      emails: [],
      address: null,
      mobileNumbers: [Array],
      mobileNumber: null,
      name: 'YOGESH DEVIDAS WAGHMARE',
      type: null
    }
  ],
  status: 'ACTIVE'
}
{
  geoFence: null,
  documents: [],
  customFields: [],
  isPortalEnabled: false,
  type: 'customer',
  updates: {
    traceID: '4621e4f0-102e-41f3-8066-66f5959eada1',
    resourceId: '38bc2c53-d43f-477d-8936-3a61760838f6',
    updatedBy: 'USER',
    changes: [ [Object] ],
    sourceOfInformation: null,
    description: 'contact added',
    forwardReasons: [
      'business.partner.update.event',
      'business.partner.contacts.update'
    ],
    userId: '7d6539ac-5dd0-48d4-80d7-251fbdb86158',
    uuid: '327ba53e-6ebc-4570-8c6d-9808e0ca0570',
    revision: null,
    time: 1671734107185,
    forwardedFrom: null,
    resourceType: 'Business-Partner',
    updateType: null
  },
  uuid: '38bc2c53-d43f-477d-8936-3a61760838f6',
  orgId: '3e4cdee9-0b3b-46dd-9b98-df0e38a0271c',
  firmType: 'INDIVISUAL',
  gstn: '08BERPP7614H1ZY',
  voterId: null,
  verificationTicketId: null,
  group: {
    name: 'Sold-to-party',
    partnerType: 'customer',
    uuid: '125e674b-69e1-4c01-bb7b-ddf84f9ff883',
    orgId: '3e4cdee9-0b3b-46dd-9b98-df0e38a0271c'
  },
  address: '{"pincode":331802,"address":"M/S VANDNA ENTERPRISES, SHOP NO. 13","city":"RAJALDESAR","state":"CHURU"}',
  verificationStatus: 'unverified',
  externalId: '2008115',
  panNumber: 'BERPP7614H',
  aadharNo: null,
  parentId: null,
  places: [
    {
      hubId: null,
      boundary: [],
      address: null,
      accessibility: 'private',
      addedBy: '3e4cdee9-0b3b-46dd-9b98-df0e38a0271c',
      center: [Object],
      suggestedRadius: 5000,
      isOwned: null,
      centerCoordinates: [Array],
      placeId: '21c1937f-0ca2-455a-91c5-992db99ad86b',
      geoJsonBoundry: null,
      externalId: null,
      source: 'GOOGLE',
      places: null,
      viewport: null,
      district: 'CHURU',
      name: 'RAJALDESAR',
      state: 'RAJASTHAN',
      category: 'Hub',
      subDistrict: null,
      controllingBranchId: null
    }
  ],
  route: null,
  name: 'VANDNA ENTERPRISES',
  location: null,
  fretronId: null,
  contacts: [
    {
      emails: [Array],
      address: null,
      mobileNumbers: [Array],
      mobileNumber: null,
      name: 'VANDNA ENTERPRISES',
      type: null
    }
  ],
  status: 'ACTIVE'
}
{
  geoFence: null,
  documents: [],
  customFields: null,
  isPortalEnabled: false,
  type: 'customer',
  updates: null,
  uuid: 'b0e4667e-3d6c-4394-a3e1-9457ee7e2b50',
  orgId: '3e4cdee9-0b3b-46dd-9b98-df0e38a0271c',
  firmType: 'INDIVISUAL',
  gstn: '06AKCPY7995G1ZE',
  voterId: null,
  verificationTicketId: null,
  group: { name: 'Sold-to-party', partnerType: null, uuid: null, orgId: null },
  address: '{"pincode":122001,"address":"24, NEAR VISHWA , BHARTI PUBLIC SCH","city":"GURGAON","state":"GURGAON"}',
  verificationStatus: 'unverified',
  externalId: '2007187',
  panNumber: 'AKCPY7995G',
  aadharNo: null,
  parentId: null,
  places: [
    {
      hubId: null,
      boundary: null,
      address: null,
      accessibility: 'private',
      addedBy: '3e4cdee9-0b3b-46dd-9b98-df0e38a0271c',
      center: [Object],
      suggestedRadius: 5000,
      isOwned: null,
      centerCoordinates: [Array],
      placeId: '8512c225-107f-4263-a5ef-f79bb7380e7a',
      geoJsonBoundry: null,
      externalId: null,
      source: 'GOOGLE',
      places: null,
      viewport: null,
      district: 'GURGAON',
      name: 'GURGAON',
      state: 'HARYANA',
      category: 'Hub',
      subDistrict: null,
      controllingBranchId: null
    }
  ],
  route: null,
  name: 'SHREE SHYAM TRADING COMPANY',
  location: null,
  fretronId: null,
  contacts: [
    {
      emails: [Array],
      address: null,
      mobileNumbers: [Array],
      mobileNumber: null,
      name: 'SHREE SHYAM TRADING COMPANY',
      type: null
    }
  ],
  status: 'ACTIVE'
}
{
  geoFence: null,
  documents: [],
  customFields: [],
  isPortalEnabled: false,
  type: 'customer',
  updates: {
    traceID: 'e4e5d117-9544-4299-b4e9-a6d547aba685',
    resourceId: '387291f6-a08e-44e7-a7ea-befb2418db02',
    updatedBy: 'USER',
    changes: [ [Object] ],
    sourceOfInformation: null,
    description: 'contact added',
    forwardReasons: [
      'business.partner.update.event',
      'business.partner.contacts.update'
    ],
    userId: 'a42e539c-88f3-42cf-a1e7-d13e0b60833d',
    uuid: 'e6583e67-5855-4f54-9bd6-66b152ada97e',
    revision: null,
    time: 1678882241488,
    forwardedFrom: null,
    resourceType: 'Business-Partner',
    updateType: null
  },
  uuid: '387291f6-a08e-44e7-a7ea-befb2418db02',
  orgId: '3e4cdee9-0b3b-46dd-9b98-df0e38a0271c',
  firmType: 'INDIVISUAL',
  gstn: '09AAAGM1582Q1ZQ',
  voterId: null,
  verificationTicketId: null,
  group: {
    name: 'Sold-to-party',
    partnerType: 'customer',
    uuid: '125e674b-69e1-4c01-bb7b-ddf84f9ff883',
    orgId: '3e4cdee9-0b3b-46dd-9b98-df0e38a0271c'
  },
  address: '{"pincode":211011,"address":"PRAYAGRAJ","city":"PRAYAGRAJ","state":"PRAYAGRAJ"}',
  verificationStatus: 'unverified',
  externalId: '3000788',
  panNumber: 'AAAGM1582Q',
  aadharNo: null,
  parentId: null,
  places: [
    {
      hubId: null,
      boundary: [],
      address: null,
      accessibility: 'private',
      addedBy: '3e4cdee9-0b3b-46dd-9b98-df0e38a0271c',
      center: [Object],
      suggestedRadius: 5000,
      isOwned: null,
      centerCoordinates: [Array],
      placeId: 'fbd97d0a-3ecc-48df-849c-041da1836010',
      geoJsonBoundry: null,
      externalId: null,
      source: 'GOOGLE',
      places: null,
      viewport: null,
      district: 'DHOOMANGANJ',
      name: 'PRAYAGRAJ',
      state: 'UTTAR PRADESH',
      category: 'Hub',
      subDistrict: null,
      controllingBranchId: null
    }
  ],
  route: null,
  name: 'MASTER CANTEEN 04BN PAC',
  location: null,
  fretronId: null,
  contacts: [
    {
      emails: [Array],
      address: null,
      mobileNumbers: [Array],
      mobileNumber: null,
      name: 'MASTER CANTEEN 04BN PAC',
      type: null
    },
    {
      emails: [],
      address: null,
      mobileNumbers: [Array],
      mobileNumber: null,
      name: 'J.P YADAV',
      type: null
    }
  ],
  status: 'ACTIVE'
}
{
  geoFence: null,
  documents: [],
  customFields: [],
  isPortalEnabled: true,
  type: 'customer',
  updates: {
    traceID: 'a67258f5-2e6c-4a45-9bc8-66cbff7feae6',
    resourceId: 'd584f752-9787-459f-8622-73d1138cd611',
    updatedBy: 'USER',
    changes: [ [Object] ],
    sourceOfInformation: null,
    description: 'User RAM TRADING COMPANY invited on portal.',
    forwardReasons: [ 'user.invited.on.portal.event' ],
    userId: '7d6539ac-5dd0-48d4-80d7-251fbdb86158',
    uuid: '8102040b-144d-42b9-bee1-fe4eafb8e964',
    revision: null,
    time: 1680522409077,
    forwardedFrom: null,
    resourceType: 'Business-Partner',
    updateType: null
  },
  uuid: 'd584f752-9787-459f-8622-73d1138cd611',
  orgId: '3e4cdee9-0b3b-46dd-9b98-df0e38a0271c',
  firmType: 'INDIVISUAL',
  gstn: '08AARPP9688C1ZV',
  voterId: null,
  verificationTicketId: null,
  group: {
    name: 'Sold-to-party',
    partnerType: 'customer',
    uuid: '125e674b-69e1-4c01-bb7b-ddf84f9ff883',
    orgId: '3e4cdee9-0b3b-46dd-9b98-df0e38a0271c'
  },
  address: '{"pincode":343022,"address":"MAIN BAZAR","city":"SAYLA","state":"JALORE"}',
  verificationStatus: 'unverified',
  externalId: '2006399',
  panNumber: 'AARPP9688C',
  aadharNo: null,
  parentId: null,
  places: [
    {
      hubId: null,
      boundary: [],
      address: null,
      accessibility: 'private',
      addedBy: '3e4cdee9-0b3b-46dd-9b98-df0e38a0271c',
      center: [Object],
      suggestedRadius: 5000,
      isOwned: null,
      centerCoordinates: [Array],
      placeId: '78fe8167-d6d5-4073-8e20-880b4fe482f4',
      geoJsonBoundry: null,
      externalId: null,
      source: 'GOOGLE',
      places: null,
      viewport: null,
      district: 'JALORE',
      name: 'SAYLA',
      state: 'RAJASTHAN',
      category: 'Hub',
      subDistrict: null,
      controllingBranchId: null
    }
  ],
  route: null,
  name: 'RAM TRADING COMPANY',
  location: null,
  fretronId: null,
  contacts: [
    {
      emails: [Array],
      address: null,
      mobileNumbers: [Array],
      mobileNumber: null,
      name: 'RAM TRADING COMPANY',
      type: null
    }
  ],
  status: 'ACTIVE'
}
{
  geoFence: null,
  documents: [],
  customFields: [],
  isPortalEnabled: false,
  type: 'customer',
  updates: {
    traceID: '9f62dc97-d628-4bed-8e46-a7db71fd0dbc',
    resourceId: '61deaf26-46dd-48d5-ac2c-e36e997609da',
    updatedBy: 'USER',
    changes: [ [Object] ],
    sourceOfInformation: null,
    description: 'added place JALLANDHAR CANTT',
    forwardReasons: [
      'business.partner.update.event',
      'business.partner.places.update'
    ],
    userId: '7d6539ac-5dd0-48d4-80d7-251fbdb86158',
    uuid: '8625d681-5047-4c9c-be5b-4a0788f3307e',
    revision: null,
    time: 1687184834645,
    forwardedFrom: null,
    resourceType: 'Business-Partner',
    updateType: null
  },
  uuid: '61deaf26-46dd-48d5-ac2c-e36e997609da',
  orgId: '3e4cdee9-0b3b-46dd-9b98-df0e38a0271c',
  firmType: 'INDIVISUAL',
  gstn: null,
  voterId: null,
  verificationTicketId: null,
  group: {
    name: 'Sold-to-party',
    partnerType: 'customer',
    uuid: '1baee674-8930-4a30-8442-0bba778e0e80',
    orgId: '576eca01-0c8a-43c6-b823-3bb0d20f766a'
  },
  address: null,
  verificationStatus: 'unverified',
  externalId: '2000904',
  panNumber: '4523453415',
  aadharNo: null,
  parentId: null,
  places: [
    {
      hubId: null,
      boundary: [],
      address: null,
      accessibility: 'private',
      addedBy: '3e4cdee9-0b3b-46dd-9b98-df0e38a0271c',
      center: [Object],
      suggestedRadius: 5000,
      isOwned: null,
      centerCoordinates: [Array],
      placeId: '161c8a98-f199-4564-85d8-e4647cead9ca',
      geoJsonBoundry: null,
      externalId: null,
      source: 'GOOGLE',
      places: null,
      viewport: null,
      district: 'JALANDHAR',
      name: 'JALLANDHAR CANTT',
      state: 'PUNJAB',
      category: 'Hub',
      subDistrict: null,
      controllingBranchId: null
    }
  ],
  route: null,
  name: 'RATTAN ENTERPRISES',
  location: null,
  fretronId: null,
  contacts: [
    {
      emails: [],
      address: null,
      mobileNumbers: [],
      mobileNumber: null,
      name: 'RATTAN ENTERPRISES',
      type: null
    },
    {
      emails: [Array],
      address: null,
      mobileNumbers: [Array],
      mobileNumber: null,
      name: 'VIJAY KUMAR',
      type: null
    }
  ],
  status: 'ACTIVE'
}
{
  geoFence: null,
  documents: [],
  customFields: null,
  isPortalEnabled: false,
  type: 'customer',
  updates: null,
  uuid: '5d2f3913-66dd-4e7f-bf5c-cb961091b90c',
  orgId: '3e4cdee9-0b3b-46dd-9b98-df0e38a0271c',
  firmType: 'INDIVISUAL',
  gstn: '05BDTPR0326K1Z8',
  voterId: null,
  verificationTicketId: null,
  group: { name: 'Sold-to-party', partnerType: null, uuid: null, orgId: null },
  address: '{"address":"MIYANWALA, HARRAWALA, DEHRADUN,  ","city":"MIYANWALA","state":"UTTARAKHAND","pincode":"248001"}',
  verificationStatus: 'unverified',
  externalId: '2008950',
  panNumber: 'BDTPR0326K',
  aadharNo: null,
  parentId: null,
  places: [
    {
      hubId: null,
      boundary: null,
      address: '{"address":"MIYANWALA, HARRAWALA, DEHRADUN,  ","city":"MIYANWALA","state":"UTTARAKHAND","pincode":"248001"}',
      accessibility: 'public',
      addedBy: '3e4cdee9-0b3b-46dd-9b98-df0e38a0271c',
      center: [Object],
      suggestedRadius: 10000,
      isOwned: false,
      centerCoordinates: [Array],
      placeId: '781d4cdd-a131-4ae4-a6b0-dcd01dcc6c1f',
      geoJsonBoundry: null,
      externalId: null,
      source: 'FRETRON',
      places: null,
      viewport: null,
      district: null,
      name: 'MIYANWALA',
      state: null,
      category: 'Hub',
      subDistrict: null,
      controllingBranchId: null
    }
  ],
  route: null,
  name: 'RASHMI TRADING COMPANY',
  location: null,
  fretronId: null,
  contacts: [
    {
      emails: [],
      address: null,
      mobileNumbers: [Array],
      mobileNumber: null,
      name: 'RASHMI',
      type: null
    }
  ],
  status: 'ACTIVE'
}
{
  geoFence: null,
  documents: [],
  customFields: null,
  isPortalEnabled: false,
  type: 'customer',
  updates: null,
  uuid: '9d357cd5-005c-47bc-8fe2-e9c79f3261ee',
  orgId: '3e4cdee9-0b3b-46dd-9b98-df0e38a0271c',
  firmType: 'INDIVISUAL',
  gstn: '05AAAGC0017Q1ZO',
  voterId: null,
  verificationTicketId: null,
  group: { name: 'Sold-to-party', partnerType: null, uuid: null, orgId: null },
  address: '{"pincode":248001,"address":"61, EAST CANAL ROAD","city":"DEHRADUN","state":"DEHRADUN"}',
  verificationStatus: 'unverified',
  externalId: '3000034',
  panNumber: null,
  aadharNo: null,
  parentId: null,
  places: [
    {
      hubId: null,
      boundary: null,
      address: null,
      accessibility: 'private',
      addedBy: '3e4cdee9-0b3b-46dd-9b98-df0e38a0271c',
      center: [Object],
      suggestedRadius: 5000,
      isOwned: null,
      centerCoordinates: [Array],
      placeId: '7672840f-ffd2-4ad4-86c6-395103617eb0',
      geoJsonBoundry: null,
      externalId: null,
      source: 'GOOGLE',
      places: null,
      viewport: null,
      district: 'DEHRADUN',
      name: 'DEHRADUN',
      state: 'UTTARAKHAND',
      category: 'Hub',
      subDistrict: null,
      controllingBranchId: null
    }
  ],
  route: null,
  name: 'CANTEEN STORES DEPARTMENT',
  location: null,
  fretronId: null,
  contacts: [
    {
      emails: [Array],
      address: null,
      mobileNumbers: [Array],
      mobileNumber: null,
      name: 'AREA DEPOT MANAGER',
      type: null
    },
    {
      emails: [],
      address: null,
      mobileNumbers: [Array],
      mobileNumber: null,
      name: 'AREA DEPOT MANAGER',
      type: null
    }
  ],
  status: 'ACTIVE'
}
{
  geoFence: null,
  documents: [],
  customFields: null,
  isPortalEnabled: false,
  type: 'customer',
  updates: null,
  uuid: '7af63320-29c8-478e-ab19-1f1d1bfd8502',
  orgId: '3e4cdee9-0b3b-46dd-9b98-df0e38a0271c',
  firmType: 'INDIVISUAL',
  gstn: '09ATBPG8321Q1ZA',
  voterId: null,
  verificationTicketId: null,
  group: { name: 'Sold-to-party', partnerType: null, uuid: null, orgId: null },
  address: '{"pincode":212216,"address":"SARAI AKIL, KAUSHAMBI, UTTAR PRADES","city":"SARAI AKIL","state":"LALITPUR"}',
  verificationStatus: 'unverified',
  externalId: '2007193',
  panNumber: 'ATBPG8321Q',
  aadharNo: null,
  parentId: null,
  places: [
    {
      hubId: null,
      boundary: null,
      address: null,
      accessibility: 'private',
      addedBy: '3e4cdee9-0b3b-46dd-9b98-df0e38a0271c',
      center: [Object],
      suggestedRadius: 5000,
      isOwned: null,
      centerCoordinates: [Array],
      placeId: '1cfdbc30-5f1f-4a04-abd4-226e1681c8b8',
      geoJsonBoundry: null,
      externalId: null,
      source: 'GOOGLE',
      places: null,
      viewport: null,
      district: 'KAUSHAMBI',
      name: 'SARAI AKIL',
      state: 'UTTAR PRADESH',
      category: 'Hub',
      subDistrict: null,
      controllingBranchId: null
    }
  ],
  route: null,
  name: 'JAI HANUMAN TRADERS',
  location: null,
  fretronId: null,
  contacts: [
    {
      emails: [Array],
      address: null,
      mobileNumbers: [Array],
      mobileNumber: null,
      name: 'MR. VIPIN KUMAR GUPTA',
      type: null
    }
  ],
  status: 'ACTIVE'
}
Caught error in getting cn : Error: read ECONNRESET
Master CN not found for cnId: c1fe0dd4-ca32-43cf-9b31-03c7f4ac25b5
{
  geoFence: null,
  documents: [],
  customFields: [],
  isPortalEnabled: false,
  type: 'customer',
  updates: {
    traceID: '672e6c80-0bfc-4263-b7ed-b3b8c1c82e82',
    resourceId: '4673dd81-48bb-4425-9d42-e3ccf29f8c26',
    updatedBy: 'USER',
    changes: [ [Object] ],
    sourceOfInformation: null,
    description: 'changed name from FENA (P) LIMITED to FENA (P) LIMITED (OKHLA)',
    forwardReasons: [
      'business.partner.update.event',
      'business.partner.name.updated'
    ],
    userId: '7d6539ac-5dd0-48d4-80d7-251fbdb86158',
    uuid: '294ac5e1-b448-44ed-9136-a37c4bd309f0',
    revision: null,
    time: 1684317165108,
    forwardedFrom: null,
    resourceType: 'Business-Partner',
    updateType: null
  },
  uuid: '4673dd81-48bb-4425-9d42-e3ccf29f8c26',
  orgId: '3e4cdee9-0b3b-46dd-9b98-df0e38a0271c',
  firmType: 'INDIVISUAL',
  gstn: '07AAACS0326G2ZS',
  voterId: null,
  verificationTicketId: null,
  group: {
    name: 'Sold-to-party',
    partnerType: 'customer',
    uuid: '125e674b-69e1-4c01-bb7b-ddf84f9ff883',
    orgId: '3e4cdee9-0b3b-46dd-9b98-df0e38a0271c'
  },
  address: '{"pincode":110020,"address":"146-148 & 166,167,DSIDC INDL.","city":"OKHLA","state":"NEW DELHI"}',
  verificationStatus: 'unverified',
  externalId: 'THAR',
  panNumber: null,
  aadharNo: null,
  parentId: null,
  places: [
    {
      hubId: null,
      boundary: [],
      address: null,
      accessibility: 'private',
      addedBy: '3e4cdee9-0b3b-46dd-9b98-df0e38a0271c',
      center: [Object],
      suggestedRadius: 5000,
      isOwned: null,
      centerCoordinates: [Array],
      placeId: '8abcd0ee-6ed6-48af-ac1c-fc24627e0fb2',
      geoJsonBoundry: null,
      externalId: null,
      source: 'GOOGLE',
      places: null,
      viewport: null,
      district: 'NEW DELHI',
      name: 'OKHLA',
      state: 'DELHI',
      category: 'Hub',
      subDistrict: null,
      controllingBranchId: null
    }
  ],
  route: null,
  name: 'FENA (P) LIMITED (OKHLA)',
  location: null,
  fretronId: null,
  contacts: [
    {
      emails: [Array],
      address: null,
      mobileNumbers: [Array],
      mobileNumber: null,
      name: '--',
      type: null
    }
  ],
  status: 'ACTIVE'
}
{
  geoFence: null,
  documents: [],
  customFields: null,
  isPortalEnabled: false,
  type: 'customer',
  updates: null,
  uuid: 'a7828fb0-ba39-4842-b3a7-6a3a0cf7192a',
  orgId: '3e4cdee9-0b3b-46dd-9b98-df0e38a0271c',
  firmType: 'INDIVISUAL',
  gstn: '08APLPB5798Q1ZW',
  voterId: null,
  verificationTicketId: null,
  group: { name: 'Sold-to-party', partnerType: null, uuid: null, orgId: null },
  address: '{"pincode":331001,"address":"H-184, ROAD NO. 05 , RICCO INDL. AR","city":"CHURU","state":"CHURU"}',
  verificationStatus: 'unverified',
  externalId: '2002471',
  panNumber: 'APLPB5798Q',
  aadharNo: null,
  parentId: null,
  places: [
    {
      hubId: null,
      boundary: null,
      address: null,
      accessibility: 'private',
      addedBy: '3e4cdee9-0b3b-46dd-9b98-df0e38a0271c',
      center: [Object],
      suggestedRadius: 5000,
      isOwned: null,
      centerCoordinates: [Array],
      placeId: '6474824e-6b80-4c87-b168-b2b173701def',
      geoJsonBoundry: null,
      externalId: null,
      source: 'GOOGLE',
      places: null,
      viewport: null,
      district: 'CHURU',
      name: 'CHURU',
      state: 'RAJASTHAN',
      category: 'Hub',
      subDistrict: null,
      controllingBranchId: null
    }
  ],
  route: null,
  name: 'AGARWAL MARKETING',
  location: null,
  fretronId: null,
  contacts: [
    {
      emails: [Array],
      address: null,
      mobileNumbers: [Array],
      mobileNumber: null,
      name: 'AGARWAL MARKETING',
      type: null
    },
    {
      emails: [],
      address: null,
      mobileNumbers: [Array],
      mobileNumber: null,
      name: 'SANGEETA BAJAJ',
      type: null
    }
  ],
  status: 'ACTIVE'
}
{
  geoFence: null,
  documents: [],
  customFields: null,
  isPortalEnabled: false,
  type: 'customer',
  updates: null,
  uuid: 'dd0b7e5a-25b5-4603-8eff-879fdec38195',
  orgId: '3e4cdee9-0b3b-46dd-9b98-df0e38a0271c',
  firmType: 'INDIVISUAL',
  gstn: '08AARPM3156A1ZR',
  voterId: null,
  verificationTicketId: null,
  group: { name: 'Sold-to-party', partnerType: null, uuid: null, orgId: null },
  address: '{"pincode":333026,"address":"MAIN BAZAR CHIRAWA","city":"CHIRAWA","state":"JHUNJHUNU"}',
  verificationStatus: 'unverified',
  externalId: '2004557',
  panNumber: 'AARPM3156A',
  aadharNo: null,
  parentId: null,
  places: [
    {
      hubId: null,
      boundary: null,
      address: null,
      accessibility: 'private',
      addedBy: '3e4cdee9-0b3b-46dd-9b98-df0e38a0271c',
      center: [Object],
      suggestedRadius: 5000,
      isOwned: null,
      centerCoordinates: [Array],
      placeId: '1f73b95c-efbf-4ea2-825f-50845d78082a',
      geoJsonBoundry: null,
      externalId: null,
      source: 'GOOGLE',
      places: null,
      viewport: null,
      district: 'JHUNJHUNU',
      name: 'CHIRAWA',
      state: 'RAJASTHAN',
      category: 'Hub',
      subDistrict: null,
      controllingBranchId: null
    }
  ],
  route: null,
  name: 'MAHESHWARI AGENCIES',
  location: null,
  fretronId: null,
  contacts: [
    {
      emails: [Array],
      address: null,
      mobileNumbers: [Array],
      mobileNumber: null,
      name: 'MAHESHWARI AGENCIES',
      type: null
    }
  ],
  status: 'ACTIVE'
}
{
  geoFence: null,
  documents: [],
  customFields: null,
  isPortalEnabled: false,
  type: 'customer',
  updates: null,
  uuid: 'c2eda0b9-68d4-4c5a-a741-e9aa6546da98',
  orgId: '3e4cdee9-0b3b-46dd-9b98-df0e38a0271c',
  firmType: 'INDIVISUAL',
  gstn: '10JKMPS9614B1Z2',
  voterId: null,
  verificationTicketId: null,
  group: { name: 'Sold-to-party', partnerType: null, uuid: null, orgId: null },
  address: '{"pincode":847232,"address":"LADANIYA MARKET LADANIA","city":"LADANIA","state":"MADHUBANI"}',
  verificationStatus: 'unverified',
  externalId: '2007216',
  panNumber: 'JKMPS9614B',
  aadharNo: null,
  parentId: null,
  places: [
    {
      hubId: null,
      boundary: null,
      address: null,
      accessibility: 'private',
      addedBy: '3e4cdee9-0b3b-46dd-9b98-df0e38a0271c',
      center: [Object],
      suggestedRadius: 5000,
      isOwned: null,
      centerCoordinates: [Array],
      placeId: '9e494974-5a1c-47e8-af84-f4ccb5deaa81',
      geoJsonBoundry: null,
      externalId: null,
      source: 'GOOGLE',
      places: null,
      viewport: null,
      district: 'MADHUBANI',
      name: 'LADANIA',
      state: 'BIHAR',
      category: 'Hub',
      subDistrict: null,
      controllingBranchId: null
    }
  ],
  route: null,
  name: 'ADITYA TRADERS',
  location: null,
  fretronId: null,
  contacts: [
    {
      emails: [Array],
      address: null,
      mobileNumbers: [Array],
      mobileNumber: null,
      name: 'MANOJ KUMAR SHARMA',
      type: null
    },
    {
      emails: [Array],
      address: null,
      mobileNumbers: [Array],
      mobileNumber: null,
      name: 'MANOJ KUMAR SHARMA',
      type: null
    }
  ],
  status: 'ACTIVE'
}
{
  geoFence: null,
  documents: [],
  customFields: null,
  isPortalEnabled: false,
  type: 'customer',
  updates: null,
  uuid: '0bc1d3e0-1e97-4078-b804-e1eb28c480f6',
  orgId: '3e4cdee9-0b3b-46dd-9b98-df0e38a0271c',
  firmType: 'INDIVISUAL',
  gstn: '23APLPG6783L1ZE',
  voterId: null,
  verificationTicketId: null,
  group: { name: 'Sold-to-party', partnerType: null, uuid: null, orgId: null },
  address: '{"address":"Ward NO 5, BUS STAND DEORI,  ","city":"DEORI","state":"MADHYA PRADESH","pincode":"464774"}',
  verificationStatus: 'unverified',
  externalId: '2009229',
  panNumber: 'APLPG6783L',
  aadharNo: null,
  parentId: null,
  places: [
    {
      hubId: null,
      boundary: null,
      address: '{"address":"Ward NO 5, BUS STAND DEORI,  ","city":"DEORI","state":"MADHYA PRADESH","pincode":"464774"}',
      accessibility: 'public',
      addedBy: '3e4cdee9-0b3b-46dd-9b98-df0e38a0271c',
      center: [Object],
      suggestedRadius: 10000,
      isOwned: false,
      centerCoordinates: [Array],
      placeId: 'ae62bd46-c3bb-4815-a2f0-060bacc1a9f8',
      geoJsonBoundry: null,
      externalId: null,
      source: 'FRETRON',
      places: null,
      viewport: null,
      district: null,
      name: 'DEORI',
      state: null,
      category: 'Hub',
      subDistrict: null,
      controllingBranchId: null
    }
  ],
  route: null,
  name: 'SHRI OM TRADERS',
  location: null,
  fretronId: null,
  contacts: [
    {
      emails: [],
      address: null,
      mobileNumbers: [Array],
      mobileNumber: null,
      name: 'DEVENDRA KUMAR GUPTA',
      type: null
    }
  ],
  status: 'ACTIVE'
}
{
  geoFence: null,
  documents: [],
  customFields: null,
  isPortalEnabled: false,
  type: 'customer',
  updates: null,
  uuid: 'f4b74dd8-e72c-4522-be53-fcc59e2c721c',
  orgId: '3e4cdee9-0b3b-46dd-9b98-df0e38a0271c',
  firmType: 'INDIVISUAL',
  gstn: '09ACBPJ0729Q1ZA',
  voterId: null,
  verificationTicketId: null,
  group: { name: 'Sold-to-party', partnerType: null, uuid: null, orgId: null },
  address: '{"pincode":221109,"address":"12/340 B-4 DEV POKHARI BAZARDIHA D.","city":"BAZARDIHA","state":"VARANASI"}',
  verificationStatus: 'unverified',
  externalId: '2007381',
  panNumber: 'ACBPJ0729Q',
  aadharNo: null,
  parentId: null,
  places: [
    {
      hubId: null,
      boundary: null,
      address: null,
      accessibility: 'private',
      addedBy: '3e4cdee9-0b3b-46dd-9b98-df0e38a0271c',
      center: [Object],
      suggestedRadius: 5000,
      isOwned: null,
      centerCoordinates: [Array],
      placeId: 'c4236398-4dc7-40b6-ab2d-9b650dfc6c34',
      geoJsonBoundry: null,
      externalId: null,
      source: 'GOOGLE',
      places: null,
      viewport: null,
      district: 'VARANASI',
      name: 'BAZARDIHA',
      state: 'UTTAR PRADESH',
      category: 'Hub',
      subDistrict: null,
      controllingBranchId: null
    }
  ],
  route: null,
  name: 'JAIN DISTRIBUTORS',
  location: null,
  fretronId: null,
  contacts: [
    {
      emails: [Array],
      address: null,
      mobileNumbers: [Array],
      mobileNumber: null,
      name: 'JAIN DISTRIBUTORS',
      type: null
    }
  ],
  status: 'ACTIVE'
}
